Problema #1
Nao, nao e consequencia logica.

Problema #2
Sim, e satisfativel.

Problema #3
Sim, e refutavel.

Problema #4
Sim, e consequencia logica.

Problema #5
Nao, nao e insatisfativel.

Problema #6
Sim, e refutavel.

Problema #7
Sim, e refutavel.

Problema #8
Sim, e refutavel.

Problema #9
Nao, nao e tautologia.

Problema #10
Nao, nao e insatisfativel.

Problema #11
Nao, nao e tautologia.

Problema #12
Nao, nao e insatisfativel.

Problema #13
Sim, e refutavel.

Problema #14
Sim, e refutavel.

Problema #15
Nao, nao e insatisfativel.

Problema #16
Sim, e consequencia logica.

Problema #17
Nao, nao e consequencia logica.

Problema #18
Sim, e satisfativel.

Problema #19
Sim, e refutavel.

Problema #20
Nao, nao e tautologia.

Problema #21
Sim, e satisfativel.

Problema #22
Nao, nao e insatisfativel.

Problema #23
Nao, nao e insatisfativel.

Problema #24
Nao, nao e insatisfativel.

Problema #25
Nao, nao e consequencia logica.

Problema #26
Sim, e refutavel.

Problema #27
Nao, nao e consequencia logica.

Problema #28
Nao, nao e tautologia.

Problema #29
Sim, e refutavel.

Problema #30
Sim, e satisfativel.

Problema #31
Sim, e tautologia.

Problema #32
Sim, e satisfativel.

Problema #33
Nao, nao e insatisfativel.

Problema #34
Nao, nao e insatisfativel.

Problema #35
Nao, nao e consequencia logica.

Problema #36
Sim, e refutavel.

Problema #37
Nao, nao e consequencia logica.

Problema #38
Sim, e consequencia logica.

Problema #39
Nao, nao e consequencia logica.

Problema #40
Sim, e refutavel.

Problema #41
Nao, nao e tautologia.

Problema #42
Nao, nao e tautologia.

Problema #43
Sim, e refutavel.

Problema #44
Sim, e refutavel.

Problema #45
Nao, nao e consequencia logica.

Problema #46
Sim, e refutavel.

Problema #47
Sim, e consequencia logica.

Problema #48
Nao, nao e tautologia.

Problema #49
Nao, nao e tautologia.

Problema #50
Nao, nao e tautologia.

Problema #51
Nao, nao e insatisfativel.

Problema #52
Nao, nao e consequencia logica.

Problema #53
Nao, nao e insatisfativel.

Problema #54
Nao, nao e tautologia.

Problema #55
Sim, e tautologia.

Problema #56
Sim, e refutavel.

Problema #57
Nao, nao e insatisfativel.

Problema #58
Nao, nao e insatisfativel.

Problema #59
Nao, nao e tautologia.

Problema #60
Sim, e consequencia logica.

Problema #61
Nao, nao e tautologia.

Problema #62
Sim, e refutavel.

Problema #63
Nao, nao e consequencia logica.

Problema #64
Nao, nao e insatisfativel.

Problema #65
Sim, e refutavel.

Problema #66
Nao, nao e tautologia.

Problema #67
Nao, nao e satisfativel.

Problema #68
Nao, nao e consequencia logica.

Problema #69
Sim, e satisfativel.

Problema #70
Nao, nao e tautologia.

Problema #71
Nao, nao e insatisfativel.

Problema #72
Sim, e satisfativel.

Problema #73
Nao, nao e insatisfativel.

Problema #74
Sim, e refutavel.

Problema #75
Nao, nao e insatisfativel.

Problema #76
Sim, e refutavel.

Problema #77
Sim, e refutavel.

Problema #78
Nao, nao e consequencia logica.

Problema #79
Sim, e satisfativel.

Problema #80
Sim, e satisfativel.

Problema #81
Nao, nao e consequencia logica.

Problema #82
Nao, nao e tautologia.

Problema #83
Sim, e satisfativel.

Problema #84
Nao, nao e insatisfativel.

Problema #85
Sim, e refutavel.

Problema #86
Sim, e satisfativel.

Problema #87
Sim, e satisfativel.

Problema #88
Sim, e satisfativel.

Problema #89
Nao, nao e insatisfativel.

Problema #90
Sim, e consequencia logica.

Problema #91
Sim, e satisfativel.

Problema #92
Nao, nao e tautologia.

Problema #93
Sim, e tautologia.

Problema #94
Nao, nao e insatisfativel.

Problema #95
Sim, e satisfativel.

Problema #96
Sim, e satisfativel.

Problema #97
Sim, e satisfativel.

Problema #98
Sim, e refutavel.

Problema #99
Nao, nao e refutavel.

Problema #100
Nao, nao e insatisfativel.

Problema #101
Nao, nao e insatisfativel.

Problema #102
Sim, e satisfativel.

Problema #103
Sim, e satisfativel.

Problema #104
Sim, e satisfativel.

Problema #105
Nao, nao e insatisfativel.

Problema #106
Sim, e refutavel.

Problema #107
Nao, nao e tautologia.

Problema #108
Nao, nao e tautologia.

Problema #109
Nao, nao e tautologia.

Problema #110
Nao, nao e consequencia logica.

Problema #111
Nao, nao e insatisfativel.

Problema #112
Sim, e refutavel.

Problema #113
Sim, e satisfativel.

Problema #114
Sim, e refutavel.

Problema #115
Sim, e refutavel.

Problema #116
Nao, nao e consequencia logica.

Problema #117
Nao, nao e tautologia.

Problema #118
Sim, e satisfativel.

Problema #119
Sim, e consequencia logica.

Problema #120
Nao, nao e insatisfativel.

Problema #121
Nao, nao e insatisfativel.

Problema #122
Sim, e refutavel.

Problema #123
Sim, e satisfativel.

Problema #124
Sim, e refutavel.

Problema #125
Sim, e satisfativel.

Problema #126
Sim, e satisfativel.

Problema #127
Nao, nao e tautologia.

Problema #128
Nao, nao e insatisfativel.

Problema #129
Nao, nao e tautologia.

Problema #130
Sim, e satisfativel.

Problema #131
Nao, nao e insatisfativel.

Problema #132
Sim, e refutavel.

Problema #133
Nao, nao e insatisfativel.

Problema #134
Nao, nao e insatisfativel.

Problema #135
Nao, nao e insatisfativel.

Problema #136
Sim, e refutavel.

Problema #137
Nao, nao e consequencia logica.

Problema #138
Sim, e satisfativel.

Problema #139
Nao, nao e insatisfativel.

Problema #140
Nao, nao e insatisfativel.

Problema #141
Nao, nao e satisfativel.

Problema #142
Sim, e satisfativel.

Problema #143
Nao, nao e consequencia logica.

Problema #144
Sim, e satisfativel.

Problema #145
Nao, nao e consequencia logica.

Problema #146
Nao, nao e satisfativel.

Problema #147
Nao, nao e consequencia logica.

Problema #148
Nao, nao e insatisfativel.

Problema #149
Nao, nao e tautologia.

Problema #150
Sim, e satisfativel.

Problema #151
Sim, e refutavel.

Problema #152
Sim, e satisfativel.

Problema #153
Nao, nao e insatisfativel.

Problema #154
Sim, e insatisfativel.

Problema #155
Sim, e refutavel.

Problema #156
Sim, e refutavel.

Problema #157
Sim, e consequencia logica.

Problema #158
Sim, e satisfativel.

Problema #159
Sim, e satisfativel.

Problema #160
Nao, nao e tautologia.

Problema #161
Sim, e tautologia.

Problema #162
Sim, e satisfativel.

Problema #163
Sim, e refutavel.

Problema #164
Nao, nao e insatisfativel.

Problema #165
Nao, nao e consequencia logica.

Problema #166
Nao, nao e insatisfativel.

Problema #167
Sim, e satisfativel.

Problema #168
Sim, e satisfativel.

Problema #169
Nao, nao e tautologia.

Problema #170
Sim, e refutavel.

Problema #171
Sim, e refutavel.

Problema #172
Sim, e satisfativel.

Problema #173
Nao, nao e insatisfativel.

Problema #174
Sim, e satisfativel.

Problema #175
Sim, e consequencia logica.

Problema #176
Nao, nao e tautologia.

Problema #177
Nao, nao e consequencia logica.

Problema #178
Sim, e insatisfativel.

Problema #179
Sim, e refutavel.

Problema #180
Sim, e refutavel.

Problema #181
Sim, e refutavel.

Problema #182
Sim, e refutavel.

Problema #183
Sim, e tautologia.

Problema #184
Nao, nao e insatisfativel.

Problema #185
Nao, nao e tautologia.

Problema #186
Nao, nao e tautologia.

Problema #187
Sim, e satisfativel.

Problema #188
Nao, nao e tautologia.

Problema #189
Nao, nao e tautologia.

Problema #190
Nao, nao e insatisfativel.

Problema #191
Nao, nao e consequencia logica.

Problema #192
Nao, nao e tautologia.

Problema #193
Nao, nao e insatisfativel.

Problema #194
Nao, nao e tautologia.

Problema #195
Nao, nao e tautologia.

Problema #196
Sim, e refutavel.

Problema #197
Sim, e refutavel.

Problema #198
Nao, nao e consequencia logica.

Problema #199
Sim, e consequencia logica.

Problema #200
Sim, e refutavel.

Problema #201
Sim, e refutavel.

Problema #202
Nao, nao e tautologia.

Problema #203
Sim, e satisfativel.

Problema #204
Nao, nao e consequencia logica.

Problema #205
Sim, e refutavel.

Problema #206
Nao, nao e tautologia.

Problema #207
Nao, nao e tautologia.

Problema #208
Sim, e refutavel.

Problema #209
Sim, e consequencia logica.

Problema #210
Nao, nao e insatisfativel.

Problema #211
Nao, nao e tautologia.

Problema #212
Sim, e satisfativel.

Problema #213
Nao, nao e insatisfativel.

Problema #214
Sim, e satisfativel.

Problema #215
Nao, nao e consequencia logica.

Problema #216
Nao, nao e insatisfativel.

Problema #217
Nao, nao e tautologia.

Problema #218
Sim, e satisfativel.

Problema #219
Nao, nao e tautologia.

Problema #220
Nao, nao e consequencia logica.

Problema #221
Nao, nao e tautologia.

Problema #222
Sim, e satisfativel.

Problema #223
Sim, e satisfativel.

Problema #224
Sim, e satisfativel.

Problema #225
Sim, e satisfativel.

Problema #226
Nao, nao e tautologia.

Problema #227
Sim, e consequencia logica.

Problema #228
Sim, e refutavel.

Problema #229
Sim, e refutavel.

Problema #230
Sim, e consequencia logica.

Problema #231
Sim, e refutavel.

Problema #232
Nao, nao e consequencia logica.

Problema #233
Sim, e satisfativel.

Problema #234
Sim, e satisfativel.

Problema #235
Sim, e consequencia logica.

Problema #236
Nao, nao e insatisfativel.

Problema #237
Sim, e refutavel.

Problema #238
Sim, e refutavel.

Problema #239
Nao, nao e refutavel.

Problema #240
Nao, nao e tautologia.

Problema #241
Sim, e satisfativel.

Problema #242
Nao, nao e consequencia logica.

Problema #243
Nao, nao e consequencia logica.

Problema #244
Nao, nao e insatisfativel.

Problema #245
Sim, e satisfativel.

Problema #246
Sim, e satisfativel.

Problema #247
Nao, nao e tautologia.

Problema #248
Nao, nao e tautologia.

Problema #249
Sim, e refutavel.

Problema #250
Sim, e refutavel.

Problema #251
Sim, e satisfativel.

Problema #252
Sim, e refutavel.

Problema #253
Nao, nao e insatisfativel.

Problema #254
Sim, e consequencia logica.

Problema #255
Nao, nao e tautologia.

Problema #256
Sim, e satisfativel.

Problema #257
Sim, e satisfativel.

Problema #258
Nao, nao e insatisfativel.

Problema #259
Sim, e refutavel.

Problema #260
Nao, nao e insatisfativel.

Problema #261
Nao, nao e tautologia.

Problema #262
Sim, e consequencia logica.

Problema #263
Nao, nao e insatisfativel.

Problema #264
Nao, nao e consequencia logica.

Problema #265
Sim, e satisfativel.

Problema #266
Nao, nao e consequencia logica.

Problema #267
Nao, nao e tautologia.

Problema #268
Nao, nao e insatisfativel.

Problema #269
Nao, nao e tautologia.

Problema #270
Sim, e refutavel.

Problema #271
Nao, nao e tautologia.

Problema #272
Nao, nao e insatisfativel.

Problema #273
Sim, e satisfativel.

Problema #274
Sim, e satisfativel.

Problema #275
Nao, nao e insatisfativel.

Problema #276
Nao, nao e insatisfativel.

Problema #277
Nao, nao e tautologia.

Problema #278
Nao, nao e consequencia logica.

Problema #279
Nao, nao e insatisfativel.

Problema #280
Nao, nao e insatisfativel.

Problema #281
Sim, e refutavel.

Problema #282
Nao, nao e tautologia.

Problema #283
Nao, nao e consequencia logica.

Problema #284
Nao, nao e consequencia logica.

Problema #285
Nao, nao e tautologia.

Problema #286
Sim, e satisfativel.

Problema #287
Sim, e refutavel.

Problema #288
Sim, e consequencia logica.

Problema #289
Nao, nao e insatisfativel.

Problema #290
Sim, e refutavel.

Problema #291
Nao, nao e insatisfativel.

Problema #292
Sim, e satisfativel.

Problema #293
Sim, e satisfativel.

Problema #294
Nao, nao e consequencia logica.

Problema #295
Nao, nao e tautologia.

Problema #296
Nao, nao e consequencia logica.

Problema #297
Nao, nao e tautologia.

Problema #298
Nao, nao e tautologia.

Problema #299
Nao, nao e insatisfativel.

Problema #300
Nao, nao e consequencia logica.

Problema #301
Sim, e satisfativel.

Problema #302
Sim, e satisfativel.

Problema #303
Sim, e refutavel.

Problema #304
Sim, e refutavel.

Problema #305
Sim, e refutavel.

Problema #306
Nao, nao e tautologia.

Problema #307
Sim, e refutavel.

Problema #308
Sim, e refutavel.

Problema #309
Nao, nao e tautologia.

Problema #310
Sim, e refutavel.

Problema #311
Nao, nao e insatisfativel.

Problema #312
Nao, nao e insatisfativel.

Problema #313
Nao, nao e consequencia logica.

Problema #314
Sim, e satisfativel.

Problema #315
Sim, e refutavel.

Problema #316
Sim, e consequencia logica.

Problema #317
Nao, nao e tautologia.

Problema #318
Nao, nao e insatisfativel.

Problema #319
Sim, e consequencia logica.

Problema #320
Sim, e satisfativel.

Problema #321
Nao, nao e insatisfativel.

Problema #322
Nao, nao e tautologia.

Problema #323
Sim, e satisfativel.

Problema #324
Nao, nao e consequencia logica.

Problema #325
Nao, nao e insatisfativel.

Problema #326
Nao, nao e insatisfativel.

Problema #327
Nao, nao e insatisfativel.

Problema #328
Nao, nao e consequencia logica.

Problema #329
Nao, nao e tautologia.

Problema #330
Sim, e satisfativel.

Problema #331
Nao, nao e consequencia logica.

Problema #332
Sim, e satisfativel.

Problema #333
Sim, e refutavel.

Problema #334
Sim, e satisfativel.

Problema #335
Sim, e refutavel.

Problema #336
Nao, nao e consequencia logica.

Problema #337
Sim, e satisfativel.

Problema #338
Nao, nao e insatisfativel.

Problema #339
Nao, nao e consequencia logica.

Problema #340
Nao, nao e insatisfativel.

Problema #341
Nao, nao e tautologia.

Problema #342
Nao, nao e tautologia.

Problema #343
Sim, e satisfativel.

Problema #344
Nao, nao e insatisfativel.

Problema #345
Sim, e refutavel.

Problema #346
Sim, e refutavel.

Problema #347
Sim, e refutavel.

Problema #348
Nao, nao e insatisfativel.

Problema #349
Sim, e satisfativel.

Problema #350
Nao, nao e refutavel.

Problema #351
Nao, nao e tautologia.

Problema #352
Nao, nao e insatisfativel.

Problema #353
Nao, nao e consequencia logica.

Problema #354
Sim, e satisfativel.

Problema #355
Sim, e consequencia logica.

Problema #356
Nao, nao e tautologia.

Problema #357
Nao, nao e insatisfativel.

Problema #358
Nao, nao e insatisfativel.

Problema #359
Nao, nao e tautologia.

Problema #360
Sim, e tautologia.

Problema #361
Nao, nao e insatisfativel.

Problema #362
Nao, nao e tautologia.

Problema #363
Nao, nao e insatisfativel.

Problema #364
Nao, nao e consequencia logica.

Problema #365
Sim, e refutavel.

Problema #366
Nao, nao e consequencia logica.

Problema #367
Sim, e satisfativel.

Problema #368
Nao, nao e insatisfativel.

Problema #369
Nao, nao e insatisfativel.

Problema #370
Nao, nao e refutavel.

Problema #371
Sim, e refutavel.

Problema #372
Sim, e consequencia logica.

Problema #373
Sim, e satisfativel.

Problema #374
Sim, e satisfativel.

Problema #375
Sim, e refutavel.

Problema #376
Nao, nao e insatisfativel.

Problema #377
Sim, e refutavel.

Problema #378
Nao, nao e insatisfativel.

Problema #379
Sim, e satisfativel.

Problema #380
Nao, nao e insatisfativel.

Problema #381
Sim, e satisfativel.

Problema #382
Sim, e refutavel.

Problema #383
Sim, e refutavel.

Problema #384
Nao, nao e consequencia logica.

Problema #385
Nao, nao e insatisfativel.

Problema #386
Sim, e refutavel.

Problema #387
Nao, nao e insatisfativel.

Problema #388
Nao, nao e tautologia.

Problema #389
Sim, e consequencia logica.

Problema #390
Nao, nao e consequencia logica.

Problema #391
Sim, e refutavel.

Problema #392
Nao, nao e insatisfativel.

Problema #393
Sim, e refutavel.

Problema #394
Sim, e consequencia logica.

Problema #395
Sim, e refutavel.

Problema #396
Sim, e satisfativel.

Problema #397
Sim, e tautologia.

Problema #398
Sim, e satisfativel.

Problema #399
Nao, nao e tautologia.

Problema #400
Sim, e refutavel.

Problema #401
Nao, nao e refutavel.

Problema #402
Sim, e refutavel.

Problema #403
Sim, e satisfativel.

Problema #404
Nao, nao e consequencia logica.

Problema #405
Sim, e satisfativel.

Problema #406
Nao, nao e insatisfativel.

Problema #407
Sim, e satisfativel.

Problema #408
Sim, e refutavel.

Problema #409
Nao, nao e consequencia logica.

Problema #410
Sim, e refutavel.

Problema #411
Nao, nao e tautologia.

Problema #412
Nao, nao e insatisfativel.

Problema #413
Sim, e refutavel.

Problema #414
Sim, e refutavel.

Problema #415
Sim, e satisfativel.

Problema #416
Sim, e refutavel.

Problema #417
Sim, e satisfativel.

Problema #418
Nao, nao e tautologia.

Problema #419
Sim, e refutavel.

Problema #420
Nao, nao e tautologia.

Problema #421
Sim, e refutavel.

Problema #422
Sim, e refutavel.

Problema #423
Nao, nao e tautologia.

Problema #424
Nao, nao e insatisfativel.

Problema #425
Nao, nao e insatisfativel.

Problema #426
Nao, nao e insatisfativel.

Problema #427
Nao, nao e tautologia.

Problema #428
Sim, e refutavel.

Problema #429
Nao, nao e insatisfativel.

Problema #430
Nao, nao e tautologia.

Problema #431
Nao, nao e tautologia.

Problema #432
Nao, nao e consequencia logica.

Problema #433
Sim, e satisfativel.

Problema #434
Nao, nao e tautologia.

Problema #435
Sim, e satisfativel.

Problema #436
Sim, e satisfativel.

Problema #437
Nao, nao e insatisfativel.

Problema #438
Sim, e refutavel.

Problema #439
Nao, nao e consequencia logica.

Problema #440
Nao, nao e tautologia.

Problema #441
Nao, nao e insatisfativel.

Problema #442
Sim, e satisfativel.

Problema #443
Sim, e satisfativel.

Problema #444
Nao, nao e tautologia.

Problema #445
Nao, nao e consequencia logica.

Problema #446
Nao, nao e tautologia.

Problema #447
Sim, e satisfativel.

Problema #448
Sim, e refutavel.

Problema #449
Nao, nao e insatisfativel.

Problema #450
Sim, e satisfativel.

Problema #451
Sim, e refutavel.

Problema #452
Nao, nao e tautologia.

Problema #453
Nao, nao e insatisfativel.

Problema #454
Nao, nao e insatisfativel.

Problema #455
Nao, nao e insatisfativel.

Problema #456
Sim, e refutavel.

Problema #457
Nao, nao e insatisfativel.

Problema #458
Sim, e satisfativel.

Problema #459
Nao, nao e tautologia.

Problema #460
Nao, nao e insatisfativel.

Problema #461
Nao, nao e insatisfativel.

Problema #462
Nao, nao e tautologia.

Problema #463
Nao, nao e consequencia logica.

Problema #464
Nao, nao e insatisfativel.

Problema #465
Sim, e refutavel.

Problema #466
Nao, nao e satisfativel.

Problema #467
Sim, e satisfativel.

Problema #468
Nao, nao e tautologia.

Problema #469
Nao, nao e consequencia logica.

Problema #470
Nao, nao e insatisfativel.

Problema #471
Sim, e tautologia.

Problema #472
Nao, nao e insatisfativel.

Problema #473
Nao, nao e consequencia logica.

Problema #474
Nao, nao e tautologia.

Problema #475
Nao, nao e tautologia.

Problema #476
Nao, nao e tautologia.

Problema #477
Sim, e refutavel.

Problema #478
Sim, e refutavel.

Problema #479
Nao, nao e tautologia.

Problema #480
Sim, e satisfativel.

Problema #481
Nao, nao e insatisfativel.

Problema #482
Nao, nao e tautologia.

Problema #483
Sim, e refutavel.

Problema #484
Sim, e refutavel.

Problema #485
Nao, nao e consequencia logica.

Problema #486
Sim, e satisfativel.

Problema #487
Nao, nao e insatisfativel.

Problema #488
Nao, nao e insatisfativel.

Problema #489
Nao, nao e tautologia.

Problema #490
Nao, nao e tautologia.

Problema #491
Nao, nao e insatisfativel.

Problema #492
Nao, nao e tautologia.

Problema #493
Sim, e tautologia.

Problema #494
Nao, nao e tautologia.

Problema #495
Sim, e consequencia logica.

Problema #496
Sim, e refutavel.

Problema #497
Nao, nao e consequencia logica.

Problema #498
Sim, e refutavel.

Problema #499
Nao, nao e tautologia.

Problema #500
Nao, nao e insatisfativel.

Problema #501
Nao, nao e insatisfativel.

Problema #502
Nao, nao e tautologia.

Problema #503
Nao, nao e insatisfativel.

Problema #504
Sim, e satisfativel.

Problema #505
Nao, nao e tautologia.

Problema #506
Nao, nao e tautologia.

Problema #507
Sim, e consequencia logica.

Problema #508
Sim, e satisfativel.

Problema #509
Nao, nao e tautologia.

Problema #510
Nao, nao e consequencia logica.

Problema #511
Sim, e refutavel.

Problema #512
Nao, nao e tautologia.

Problema #513
Sim, e satisfativel.

Problema #514
Sim, e refutavel.

Problema #515
Nao, nao e insatisfativel.

Problema #516
Sim, e satisfativel.

Problema #517
Sim, e consequencia logica.

Problema #518
Sim, e satisfativel.

Problema #519
Sim, e refutavel.

Problema #520
Sim, e refutavel.

Problema #521
Sim, e satisfativel.

Problema #522
Nao, nao e refutavel.

Problema #523
Sim, e satisfativel.

Problema #524
Nao, nao e consequencia logica.

Problema #525
Nao, nao e consequencia logica.

Problema #526
Nao, nao e tautologia.

Problema #527
Nao, nao e insatisfativel.

Problema #528
Nao, nao e tautologia.

Problema #529
Nao, nao e consequencia logica.

Problema #530
Sim, e refutavel.

Problema #531
Nao, nao e tautologia.

Problema #532
Sim, e consequencia logica.

Problema #533
Nao, nao e tautologia.

Problema #534
Nao, nao e tautologia.

Problema #535
Nao, nao e insatisfativel.

Problema #536
Sim, e refutavel.

Problema #537
Sim, e satisfativel.

Problema #538
Nao, nao e tautologia.

Problema #539
Sim, e satisfativel.

Problema #540
Sim, e refutavel.

Problema #541
Sim, e refutavel.

Problema #542
Nao, nao e consequencia logica.

Problema #543
Nao, nao e consequencia logica.

Problema #544
Sim, e satisfativel.

Problema #545
Sim, e refutavel.

Problema #546
Nao, nao e insatisfativel.

Problema #547
Sim, e satisfativel.

Problema #548
Nao, nao e tautologia.

Problema #549
Nao, nao e refutavel.

Problema #550
Sim, e refutavel.

Problema #551
Sim, e satisfativel.

Problema #552
Sim, e satisfativel.

Problema #553
Nao, nao e insatisfativel.

Problema #554
Sim, e refutavel.

Problema #555
Sim, e satisfativel.

Problema #556
Nao, nao e consequencia logica.

Problema #557
Sim, e refutavel.

Problema #558
Sim, e consequencia logica.

Problema #559
Nao, nao e consequencia logica.

Problema #560
Nao, nao e consequencia logica.

Problema #561
Sim, e tautologia.

Problema #562
Nao, nao e insatisfativel.

Problema #563
Sim, e satisfativel.

Problema #564
Nao, nao e consequencia logica.

Problema #565
Sim, e refutavel.

Problema #566
Sim, e refutavel.

Problema #567
Sim, e refutavel.

Problema #568
Nao, nao e insatisfativel.

Problema #569
Sim, e refutavel.

Problema #570
Nao, nao e insatisfativel.

Problema #571
Nao, nao e tautologia.

Problema #572
Nao, nao e tautologia.

Problema #573
Nao, nao e insatisfativel.

Problema #574
Nao, nao e tautologia.

Problema #575
Nao, nao e insatisfativel.

Problema #576
Sim, e refutavel.

Problema #577
Nao, nao e consequencia logica.

Problema #578
Nao, nao e consequencia logica.

Problema #579
Nao, nao e insatisfativel.

Problema #580
Nao, nao e consequencia logica.

Problema #581
Sim, e satisfativel.

Problema #582
Nao, nao e insatisfativel.

Problema #583
Nao, nao e insatisfativel.

Problema #584
Nao, nao e tautologia.

Problema #585
Sim, e satisfativel.

Problema #586
Nao, nao e consequencia logica.

Problema #587
Nao, nao e tautologia.

Problema #588
Sim, e consequencia logica.

Problema #589
Nao, nao e consequencia logica.

Problema #590
Nao, nao e tautologia.

Problema #591
Sim, e consequencia logica.

Problema #592
Sim, e satisfativel.

Problema #593
Sim, e refutavel.

Problema #594
Sim, e satisfativel.

Problema #595
Sim, e refutavel.

Problema #596
Nao, nao e consequencia logica.

Problema #597
Nao, nao e satisfativel.

Problema #598
Nao, nao e insatisfativel.

Problema #599
Nao, nao e tautologia.

Problema #600
Sim, e refutavel.

Problema #601
Nao, nao e consequencia logica.

Problema #602
Nao, nao e tautologia.

Problema #603
Nao, nao e insatisfativel.

Problema #604
Nao, nao e insatisfativel.

Problema #605
Sim, e satisfativel.

Problema #606
Nao, nao e tautologia.

Problema #607
Nao, nao e tautologia.

Problema #608
Nao, nao e insatisfativel.

Problema #609
Nao, nao e insatisfativel.

Problema #610
Nao, nao e tautologia.

Problema #611
Sim, e insatisfativel.

Problema #612
Nao, nao e insatisfativel.

Problema #613
Nao, nao e tautologia.

Problema #614
Sim, e satisfativel.

Problema #615
Sim, e consequencia logica.

Problema #616
Sim, e refutavel.

Problema #617
Sim, e satisfativel.

Problema #618
Nao, nao e consequencia logica.

Problema #619
Sim, e tautologia.

Problema #620
Nao, nao e consequencia logica.

Problema #621
Sim, e satisfativel.

Problema #622
Nao, nao e consequencia logica.

Problema #623
Sim, e refutavel.

Problema #624
Nao, nao e tautologia.

Problema #625
Nao, nao e consequencia logica.

Problema #626
Nao, nao e tautologia.

Problema #627
Nao, nao e tautologia.

Problema #628
Nao, nao e insatisfativel.

Problema #629
Nao, nao e tautologia.

Problema #630
Nao, nao e consequencia logica.

Problema #631
Nao, nao e insatisfativel.

Problema #632
Nao, nao e insatisfativel.

Problema #633
Nao, nao e consequencia logica.

Problema #634
Sim, e consequencia logica.

Problema #635
Sim, e refutavel.

Problema #636
Nao, nao e insatisfativel.

Problema #637
Sim, e satisfativel.

Problema #638
Sim, e refutavel.

Problema #639
Sim, e refutavel.

Problema #640
Nao, nao e tautologia.

Problema #641
Sim, e satisfativel.

Problema #642
Nao, nao e insatisfativel.

Problema #643
Sim, e satisfativel.

Problema #644
Sim, e refutavel.

Problema #645
Nao, nao e insatisfativel.

Problema #646
Sim, e refutavel.

Problema #647
Nao, nao e tautologia.

Problema #648
Sim, e refutavel.

Problema #649
Nao, nao e insatisfativel.

Problema #650
Nao, nao e insatisfativel.

Problema #651
Sim, e refutavel.

Problema #652
Sim, e consequencia logica.

Problema #653
Nao, nao e insatisfativel.

Problema #654
Sim, e refutavel.

Problema #655
Sim, e satisfativel.

Problema #656
Sim, e satisfativel.

Problema #657
Nao, nao e insatisfativel.

Problema #658
Nao, nao e consequencia logica.

Problema #659
Nao, nao e insatisfativel.

Problema #660
Nao, nao e insatisfativel.

Problema #661
Nao, nao e consequencia logica.

Problema #662
Nao, nao e insatisfativel.

Problema #663
Nao, nao e insatisfativel.

Problema #664
Sim, e refutavel.

Problema #665
Sim, e satisfativel.

Problema #666
Nao, nao e consequencia logica.

Problema #667
Sim, e refutavel.

Problema #668
Sim, e refutavel.

Problema #669
Sim, e consequencia logica.

Problema #670
Nao, nao e insatisfativel.

Problema #671
Sim, e refutavel.

Problema #672
Sim, e consequencia logica.

Problema #673
Sim, e satisfativel.

Problema #674
Nao, nao e refutavel.

Problema #675
Sim, e refutavel.

Problema #676
Sim, e satisfativel.

Problema #677
Sim, e satisfativel.

Problema #678
Sim, e satisfativel.

Problema #679
Nao, nao e tautologia.

Problema #680
Nao, nao e consequencia logica.

Problema #681
Nao, nao e consequencia logica.

Problema #682
Nao, nao e consequencia logica.

Problema #683
Nao, nao e consequencia logica.

Problema #684
Nao, nao e tautologia.

Problema #685
Sim, e satisfativel.

Problema #686
Nao, nao e consequencia logica.

Problema #687
Nao, nao e insatisfativel.

Problema #688
Nao, nao e tautologia.

Problema #689
Sim, e refutavel.

Problema #690
Nao, nao e tautologia.

Problema #691
Nao, nao e tautologia.

Problema #692
Sim, e consequencia logica.

Problema #693
Nao, nao e tautologia.

Problema #694
Sim, e tautologia.

Problema #695
Sim, e satisfativel.

Problema #696
Sim, e tautologia.

Problema #697
Nao, nao e insatisfativel.

Problema #698
Nao, nao e consequencia logica.

Problema #699
Nao, nao e tautologia.

Problema #700
Sim, e refutavel.

Problema #701
Sim, e refutavel.

Problema #702
Nao, nao e tautologia.

Problema #703
Nao, nao e consequencia logica.

Problema #704
Nao, nao e consequencia logica.

Problema #705
Sim, e consequencia logica.

Problema #706
Sim, e satisfativel.

Problema #707
Nao, nao e insatisfativel.

Problema #708
Nao, nao e insatisfativel.

Problema #709
Sim, e refutavel.

Problema #710
Nao, nao e tautologia.

Problema #711
Nao, nao e consequencia logica.

Problema #712
Sim, e satisfativel.

Problema #713
Nao, nao e tautologia.

Problema #714
Sim, e refutavel.

Problema #715
Nao, nao e insatisfativel.

Problema #716
Sim, e refutavel.

Problema #717
Sim, e consequencia logica.

Problema #718
Sim, e satisfativel.

Problema #719
Nao, nao e tautologia.

Problema #720
Nao, nao e tautologia.

Problema #721
Sim, e satisfativel.

Problema #722
Sim, e refutavel.

Problema #723
Nao, nao e insatisfativel.

Problema #724
Sim, e refutavel.

Problema #725
Nao, nao e tautologia.

Problema #726
Sim, e satisfativel.

Problema #727
Sim, e satisfativel.

Problema #728
Nao, nao e insatisfativel.

Problema #729
Sim, e satisfativel.

Problema #730
Sim, e refutavel.

Problema #731
Nao, nao e consequencia logica.

Problema #732
Sim, e refutavel.

Problema #733
Nao, nao e insatisfativel.

Problema #734
Sim, e consequencia logica.

Problema #735
Sim, e tautologia.

Problema #736
Nao, nao e consequencia logica.

Problema #737
Nao, nao e tautologia.

Problema #738
Nao, nao e consequencia logica.

Problema #739
Nao, nao e consequencia logica.

Problema #740
Nao, nao e refutavel.

Problema #741
Nao, nao e consequencia logica.

Problema #742
Nao, nao e insatisfativel.

Problema #743
Sim, e satisfativel.

Problema #744
Nao, nao e consequencia logica.

Problema #745
Sim, e tautologia.

Problema #746
Nao, nao e tautologia.

Problema #747
Nao, nao e insatisfativel.

Problema #748
Nao, nao e insatisfativel.

Problema #749
Sim, e satisfativel.

Problema #750
Nao, nao e tautologia.

Problema #751
Nao, nao e tautologia.

Problema #752
Nao, nao e tautologia.

Problema #753
Sim, e satisfativel.

Problema #754
Nao, nao e insatisfativel.

Problema #755
Sim, e satisfativel.

Problema #756
Nao, nao e consequencia logica.

Problema #757
Sim, e satisfativel.

Problema #758
Nao, nao e tautologia.

Problema #759
Sim, e satisfativel.

Problema #760
Sim, e refutavel.

Problema #761
Nao, nao e tautologia.

Problema #762
Sim, e satisfativel.

Problema #763
Sim, e refutavel.

Problema #764
Nao, nao e refutavel.

Problema #765
Nao, nao e tautologia.

Problema #766
Nao, nao e insatisfativel.

Problema #767
Sim, e refutavel.

Problema #768
Nao, nao e insatisfativel.

Problema #769
Sim, e satisfativel.

Problema #770
Sim, e satisfativel.

Problema #771
Nao, nao e insatisfativel.

Problema #772
Sim, e refutavel.

Problema #773
Nao, nao e tautologia.

Problema #774
Nao, nao e consequencia logica.

Problema #775
Sim, e satisfativel.

Problema #776
Nao, nao e tautologia.

Problema #777
Nao, nao e insatisfativel.

Problema #778
Sim, e satisfativel.

Problema #779
Sim, e refutavel.

Problema #780
Nao, nao e tautologia.

Problema #781
Nao, nao e refutavel.

Problema #782
Sim, e refutavel.

Problema #783
Nao, nao e insatisfativel.

Problema #784
Nao, nao e insatisfativel.

Problema #785
Nao, nao e tautologia.

Problema #786
Nao, nao e tautologia.

Problema #787
Nao, nao e tautologia.

Problema #788
Sim, e consequencia logica.

Problema #789
Nao, nao e insatisfativel.

Problema #790
Sim, e consequencia logica.

Problema #791
Sim, e refutavel.

Problema #792
Nao, nao e tautologia.

Problema #793
Nao, nao e tautologia.

Problema #794
Nao, nao e refutavel.

Problema #795
Nao, nao e insatisfativel.

Problema #796
Sim, e satisfativel.

Problema #797
Nao, nao e tautologia.

Problema #798
Sim, e consequencia logica.

Problema #799
Sim, e refutavel.

Problema #800
Nao, nao e consequencia logica.

Problema #801
Nao, nao e tautologia.

Problema #802
Nao, nao e insatisfativel.

Problema #803
Nao, nao e tautologia.

Problema #804
Sim, e refutavel.

Problema #805
Sim, e satisfativel.

Problema #806
Nao, nao e insatisfativel.

Problema #807
Nao, nao e tautologia.

Problema #808
Nao, nao e consequencia logica.

Problema #809
Nao, nao e consequencia logica.

Problema #810
Sim, e refutavel.

Problema #811
Nao, nao e refutavel.

Problema #812
Nao, nao e insatisfativel.

Problema #813
Nao, nao e insatisfativel.

Problema #814
Sim, e satisfativel.

Problema #815
Nao, nao e consequencia logica.

Problema #816
Sim, e consequencia logica.

Problema #817
Nao, nao e insatisfativel.

Problema #818
Sim, e consequencia logica.

Problema #819
Nao, nao e tautologia.

Problema #820
Nao, nao e consequencia logica.

Problema #821
Nao, nao e tautologia.

Problema #822
Nao, nao e consequencia logica.

Problema #823
Sim, e satisfativel.

Problema #824
Nao, nao e tautologia.

Problema #825
Nao, nao e tautologia.

Problema #826
Sim, e refutavel.

Problema #827
Sim, e refutavel.

Problema #828
Sim, e refutavel.

Problema #829
Sim, e refutavel.

Problema #830
Nao, nao e consequencia logica.

Problema #831
Nao, nao e tautologia.

Problema #832
Nao, nao e insatisfativel.

Problema #833
Sim, e satisfativel.

Problema #834
Sim, e refutavel.

Problema #835
Nao, nao e tautologia.

Problema #836
Nao, nao e consequencia logica.

Problema #837
Sim, e satisfativel.

Problema #838
Nao, nao e insatisfativel.

Problema #839
Sim, e refutavel.

Problema #840
Sim, e consequencia logica.

Problema #841
Nao, nao e insatisfativel.

Problema #842
Nao, nao e consequencia logica.

Problema #843
Nao, nao e tautologia.

Problema #844
Sim, e satisfativel.

Problema #845
Nao, nao e tautologia.

Problema #846
Nao, nao e consequencia logica.

Problema #847
Nao, nao e refutavel.

Problema #848
Sim, e refutavel.

Problema #849
Sim, e refutavel.

Problema #850
Nao, nao e consequencia logica.

Problema #851
Sim, e satisfativel.

Problema #852
Nao, nao e tautologia.

Problema #853
Nao, nao e insatisfativel.

Problema #854
Nao, nao e insatisfativel.

Problema #855
Sim, e satisfativel.

Problema #856
Nao, nao e consequencia logica.

Problema #857
Nao, nao e consequencia logica.

Problema #858
Sim, e satisfativel.

Problema #859
Nao, nao e tautologia.

Problema #860
Nao, nao e insatisfativel.

Problema #861
Nao, nao e tautologia.

Problema #862
Nao, nao e insatisfativel.

Problema #863
Nao, nao e insatisfativel.

Problema #864
Sim, e refutavel.

Problema #865
Sim, e refutavel.

Problema #866
Sim, e satisfativel.

Problema #867
Nao, nao e consequencia logica.

Problema #868
Nao, nao e tautologia.

Problema #869
Sim, e consequencia logica.

Problema #870
Nao, nao e consequencia logica.

Problema #871
Nao, nao e tautologia.

Problema #872
Sim, e refutavel.

Problema #873
Nao, nao e insatisfativel.

Problema #874
Sim, e consequencia logica.

Problema #875
Nao, nao e satisfativel.

Problema #876
Nao, nao e insatisfativel.

Problema #877
Nao, nao e insatisfativel.

Problema #878
Nao, nao e consequencia logica.

Problema #879
Sim, e refutavel.

Problema #880
Nao, nao e consequencia logica.

Problema #881
Sim, e refutavel.

Problema #882
Nao, nao e consequencia logica.

Problema #883
Nao, nao e insatisfativel.

Problema #884
Nao, nao e insatisfativel.

Problema #885
Sim, e satisfativel.

Problema #886
Sim, e satisfativel.

Problema #887
Sim, e satisfativel.

Problema #888
Sim, e refutavel.

Problema #889
Sim, e refutavel.

Problema #890
Sim, e consequencia logica.

Problema #891
Nao, nao e insatisfativel.

Problema #892
Nao, nao e tautologia.

Problema #893
Nao, nao e refutavel.

Problema #894
Nao, nao e tautologia.

Problema #895
Nao, nao e insatisfativel.

Problema #896
Sim, e satisfativel.

Problema #897
Nao, nao e consequencia logica.

Problema #898
Nao, nao e insatisfativel.

Problema #899
Nao, nao e insatisfativel.

Problema #900
Nao, nao e insatisfativel.

Problema #901
Sim, e satisfativel.

Problema #902
Nao, nao e insatisfativel.

Problema #903
Nao, nao e tautologia.

Problema #904
Nao, nao e refutavel.

Problema #905
Nao, nao e tautologia.

Problema #906
Nao, nao e tautologia.

Problema #907
Sim, e refutavel.

Problema #908
Sim, e satisfativel.

Problema #909
Nao, nao e tautologia.

Problema #910
Nao, nao e tautologia.

Problema #911
Nao, nao e insatisfativel.

Problema #912
Nao, nao e tautologia.

Problema #913
Nao, nao e insatisfativel.

Problema #914
Nao, nao e tautologia.

Problema #915
Sim, e refutavel.

Problema #916
Nao, nao e tautologia.

Problema #917
Sim, e satisfativel.

Problema #918
Sim, e refutavel.

Problema #919
Sim, e satisfativel.

Problema #920
Sim, e refutavel.

Problema #921
Nao, nao e tautologia.

Problema #922
Sim, e tautologia.

Problema #923
Sim, e refutavel.

Problema #924
Nao, nao e insatisfativel.

Problema #925
Nao, nao e consequencia logica.

Problema #926
Nao, nao e insatisfativel.

Problema #927
Sim, e refutavel.

Problema #928
Nao, nao e tautologia.

Problema #929
Nao, nao e insatisfativel.

Problema #930
Nao, nao e tautologia.

Problema #931
Sim, e refutavel.

Problema #932
Nao, nao e tautologia.

Problema #933
Nao, nao e insatisfativel.

Problema #934
Nao, nao e satisfativel.

Problema #935
Sim, e consequencia logica.

Problema #936
Sim, e consequencia logica.

Problema #937
Nao, nao e insatisfativel.

Problema #938
Sim, e satisfativel.

Problema #939
Nao, nao e insatisfativel.

Problema #940
Nao, nao e tautologia.

Problema #941
Nao, nao e insatisfativel.

Problema #942
Sim, e satisfativel.

Problema #943
Sim, e satisfativel.

Problema #944
Sim, e consequencia logica.

Problema #945
Sim, e tautologia.

Problema #946
Nao, nao e consequencia logica.

Problema #947
Nao, nao e insatisfativel.

Problema #948
Nao, nao e consequencia logica.

Problema #949
Nao, nao e insatisfativel.

Problema #950
Sim, e refutavel.

Problema #951
Nao, nao e insatisfativel.

Problema #952
Nao, nao e tautologia.

Problema #953
Nao, nao e tautologia.

Problema #954
Nao, nao e consequencia logica.

Problema #955
Nao, nao e consequencia logica.

Problema #956
Sim, e consequencia logica.

Problema #957
Sim, e consequencia logica.

Problema #958
Sim, e satisfativel.

Problema #959
Sim, e refutavel.

Problema #960
Sim, e satisfativel.

Problema #961
Nao, nao e tautologia.

Problema #962
Sim, e satisfativel.

Problema #963
Nao, nao e insatisfativel.

Problema #964
Nao, nao e insatisfativel.

Problema #965
Nao, nao e tautologia.

Problema #966
Sim, e satisfativel.

Problema #967
Sim, e satisfativel.

Problema #968
Nao, nao e satisfativel.

Problema #969
Nao, nao e tautologia.

Problema #970
Sim, e satisfativel.

Problema #971
Sim, e refutavel.

Problema #972
Nao, nao e insatisfativel.

Problema #973
Sim, e refutavel.

Problema #974
Nao, nao e tautologia.

Problema #975
Nao, nao e tautologia.

Problema #976
Nao, nao e consequencia logica.

Problema #977
Sim, e refutavel.

Problema #978
Nao, nao e tautologia.

Problema #979
Sim, e satisfativel.

Problema #980
Sim, e satisfativel.

Problema #981
Nao, nao e tautologia.

Problema #982
Nao, nao e consequencia logica.

Problema #983
Nao, nao e insatisfativel.

Problema #984
Nao, nao e insatisfativel.

Problema #985
Nao, nao e consequencia logica.

Problema #986
Nao, nao e consequencia logica.

Problema #987
Sim, e refutavel.

Problema #988
Sim, e tautologia.

Problema #989
Nao, nao e consequencia logica.

Problema #990
Nao, nao e insatisfativel.

Problema #991
Nao, nao e consequencia logica.

Problema #992
Nao, nao e tautologia.

Problema #993
Sim, e refutavel.

Problema #994
Sim, e satisfativel.

Problema #995
Sim, e refutavel.

Problema #996
Sim, e refutavel.

Problema #997
Sim, e refutavel.

Problema #998
Nao, nao e insatisfativel.

Problema #999
Nao, nao e tautologia.

Problema #1000
Nao, nao e tautologia.
