Problema #1
Sim, e satisfativel.

Problema #2
Nao, nao e consequencia logica.

Problema #3
Nao, nao e consequencia logica.

Problema #4
Sim, e satisfativel.

Problema #5
Nao, nao e tautologia.

Problema #6
Sim, e satisfativel.

Problema #7
Nao, nao e consequencia logica.

Problema #8
Sim, e satisfativel.

Problema #9
Sim, e satisfativel.

Problema #10
Sim, e satisfativel.

Problema #11
Sim, e satisfativel.

Problema #12
Sim, e refutavel.

Problema #13
Sim, e refutavel.

Problema #14
Nao, nao e tautologia.

Problema #15
Sim, e consequencia logica.

Problema #16
Sim, e satisfativel.

Problema #17
Sim, e refutavel.

Problema #18
Sim, e satisfativel.

Problema #19
Nao, nao e insatisfativel.

Problema #20
Nao, nao e insatisfativel.

Problema #21
Nao, nao e refutavel.

Problema #22
Sim, e refutavel.

Problema #23
Nao, nao e consequencia logica.

Problema #24
Nao, nao e tautologia.

Problema #25
Sim, e satisfativel.

Problema #26
Sim, e refutavel.

Problema #27
Sim, e satisfativel.

Problema #28
Nao, nao e refutavel.

Problema #29
Nao, nao e tautologia.

Problema #30
Nao, nao e insatisfativel.

Problema #31
Nao, nao e insatisfativel.

Problema #32
Sim, e refutavel.

Problema #33
Nao, nao e tautologia.

Problema #34
Nao, nao e insatisfativel.

Problema #35
Nao, nao e consequencia logica.

Problema #36
Sim, e satisfativel.

Problema #37
Sim, e refutavel.

Problema #38
Nao, nao e consequencia logica.

Problema #39
Sim, e refutavel.

Problema #40
Sim, e satisfativel.

Problema #41
Nao, nao e insatisfativel.

Problema #42
Nao, nao e tautologia.

Problema #43
Sim, e tautologia.

Problema #44
Nao, nao e tautologia.

Problema #45
Nao, nao e tautologia.

Problema #46
Nao, nao e tautologia.

Problema #47
Sim, e satisfativel.

Problema #48
Nao, nao e tautologia.

Problema #49
Nao, nao e tautologia.

Problema #50
Sim, e refutavel.

Problema #51
Nao, nao e insatisfativel.

Problema #52
Nao, nao e consequencia logica.

Problema #53
Nao, nao e tautologia.

Problema #54
Nao, nao e insatisfativel.

Problema #55
Sim, e refutavel.

Problema #56
Nao, nao e insatisfativel.

Problema #57
Sim, e consequencia logica.

Problema #58
Sim, e satisfativel.

Problema #59
Sim, e consequencia logica.

Problema #60
Sim, e satisfativel.

Problema #61
Nao, nao e consequencia logica.

Problema #62
Sim, e consequencia logica.

Problema #63
Nao, nao e consequencia logica.

Problema #64
Sim, e satisfativel.

Problema #65
Nao, nao e insatisfativel.

Problema #66
Sim, e satisfativel.

Problema #67
Sim, e satisfativel.

Problema #68
Sim, e refutavel.

Problema #69
Nao, nao e insatisfativel.

Problema #70
Sim, e satisfativel.

Problema #71
Sim, e satisfativel.

Problema #72
Nao, nao e tautologia.

Problema #73
Nao, nao e consequencia logica.

Problema #74
Nao, nao e tautologia.

Problema #75
Sim, e satisfativel.

Problema #76
Sim, e satisfativel.

Problema #77
Nao, nao e insatisfativel.

Problema #78
Sim, e consequencia logica.

Problema #79
Nao, nao e tautologia.

Problema #80
Sim, e satisfativel.

Problema #81
Nao, nao e insatisfativel.

Problema #82
Nao, nao e tautologia.

Problema #83
Nao, nao e insatisfativel.

Problema #84
Nao, nao e insatisfativel.

Problema #85
Sim, e refutavel.

Problema #86
Nao, nao e insatisfativel.

Problema #87
Nao, nao e tautologia.

Problema #88
Sim, e refutavel.

Problema #89
Sim, e refutavel.

Problema #90
Nao, nao e tautologia.

Problema #91
Nao, nao e consequencia logica.

Problema #92
Sim, e satisfativel.

Problema #93
Sim, e satisfativel.

Problema #94
Nao, nao e insatisfativel.

Problema #95
Nao, nao e consequencia logica.

Problema #96
Nao, nao e tautologia.

Problema #97
Nao, nao e consequencia logica.

Problema #98
Nao, nao e insatisfativel.

Problema #99
Sim, e refutavel.

Problema #100
Nao, nao e insatisfativel.

Problema #101
Sim, e satisfativel.

Problema #102
Nao, nao e consequencia logica.

Problema #103
Nao, nao e consequencia logica.

Problema #104
Nao, nao e insatisfativel.

Problema #105
Nao, nao e consequencia logica.

Problema #106
Sim, e refutavel.

Problema #107
Nao, nao e insatisfativel.

Problema #108
Nao, nao e tautologia.

Problema #109
Nao, nao e insatisfativel.

Problema #110
Sim, e satisfativel.

Problema #111
Nao, nao e tautologia.

Problema #112
Nao, nao e insatisfativel.

Problema #113
Nao, nao e tautologia.

Problema #114
Nao, nao e insatisfativel.

Problema #115
Sim, e satisfativel.

Problema #116
Sim, e satisfativel.

Problema #117
Sim, e refutavel.

Problema #118
Nao, nao e insatisfativel.

Problema #119
Sim, e insatisfativel.

Problema #120
Sim, e refutavel.

Problema #121
Nao, nao e tautologia.

Problema #122
Sim, e tautologia.

Problema #123
Nao, nao e insatisfativel.

Problema #124
Sim, e consequencia logica.

Problema #125
Sim, e satisfativel.

Problema #126
Nao, nao e tautologia.

Problema #127
Nao, nao e tautologia.

Problema #128
Sim, e insatisfativel.

Problema #129
Sim, e refutavel.

Problema #130
Nao, nao e tautologia.

Problema #131
Sim, e refutavel.

Problema #132
Nao, nao e tautologia.

Problema #133
Nao, nao e insatisfativel.

Problema #134
Sim, e refutavel.

Problema #135
Sim, e refutavel.

Problema #136
Nao, nao e consequencia logica.

Problema #137
Sim, e consequencia logica.

Problema #138
Sim, e satisfativel.

Problema #139
Sim, e refutavel.

Problema #140
Nao, nao e tautologia.

Problema #141
Sim, e satisfativel.

Problema #142
Sim, e satisfativel.

Problema #143
Nao, nao e refutavel.

Problema #144
Nao, nao e tautologia.

Problema #145
Sim, e satisfativel.

Problema #146
Sim, e satisfativel.

Problema #147
Nao, nao e tautologia.

Problema #148
Sim, e satisfativel.

Problema #149
Nao, nao e insatisfativel.

Problema #150
Sim, e satisfativel.

Problema #151
Sim, e refutavel.

Problema #152
Nao, nao e insatisfativel.

Problema #153
Sim, e satisfativel.

Problema #154
Nao, nao e consequencia logica.

Problema #155
Nao, nao e tautologia.

Problema #156
Nao, nao e insatisfativel.

Problema #157
Sim, e satisfativel.

Problema #158
Nao, nao e consequencia logica.

Problema #159
Sim, e tautologia.

Problema #160
Nao, nao e tautologia.

Problema #161
Nao, nao e tautologia.

Problema #162
Sim, e satisfativel.

Problema #163
Sim, e satisfativel.

Problema #164
Nao, nao e tautologia.

Problema #165
Nao, nao e insatisfativel.

Problema #166
Sim, e refutavel.

Problema #167
Nao, nao e consequencia logica.

Problema #168
Sim, e consequencia logica.

Problema #169
Sim, e consequencia logica.

Problema #170
Sim, e consequencia logica.

Problema #171
Nao, nao e consequencia logica.

Problema #172
Sim, e refutavel.

Problema #173
Sim, e consequencia logica.

Problema #174
Sim, e satisfativel.

Problema #175
Nao, nao e consequencia logica.

Problema #176
Sim, e refutavel.

Problema #177
Sim, e satisfativel.

Problema #178
Sim, e refutavel.

Problema #179
Nao, nao e tautologia.

Problema #180
Sim, e refutavel.

Problema #181
Nao, nao e consequencia logica.

Problema #182
Nao, nao e tautologia.

Problema #183
Nao, nao e tautologia.

Problema #184
Nao, nao e insatisfativel.

Problema #185
Nao, nao e consequencia logica.

Problema #186
Nao, nao e tautologia.

Problema #187
Nao, nao e insatisfativel.

Problema #188
Nao, nao e insatisfativel.

Problema #189
Nao, nao e insatisfativel.

Problema #190
Sim, e refutavel.

Problema #191
Sim, e consequencia logica.

Problema #192
Nao, nao e insatisfativel.

Problema #193
Sim, e refutavel.

Problema #194
Nao, nao e tautologia.

Problema #195
Sim, e satisfativel.

Problema #196
Nao, nao e consequencia logica.

Problema #197
Nao, nao e insatisfativel.

Problema #198
Nao, nao e consequencia logica.

Problema #199
Sim, e consequencia logica.

Problema #200
Nao, nao e tautologia.

Problema #201
Nao, nao e consequencia logica.

Problema #202
Sim, e refutavel.

Problema #203
Nao, nao e insatisfativel.

Problema #204
Nao, nao e consequencia logica.

Problema #205
Nao, nao e consequencia logica.

Problema #206
Sim, e refutavel.

Problema #207
Nao, nao e tautologia.

Problema #208
Nao, nao e consequencia logica.

Problema #209
Sim, e refutavel.

Problema #210
Sim, e satisfativel.

Problema #211
Nao, nao e insatisfativel.

Problema #212
Sim, e refutavel.

Problema #213
Sim, e refutavel.

Problema #214
Nao, nao e insatisfativel.

Problema #215
Sim, e satisfativel.

Problema #216
Nao, nao e tautologia.

Problema #217
Sim, e refutavel.

Problema #218
Nao, nao e consequencia logica.

Problema #219
Nao, nao e tautologia.

Problema #220
Sim, e satisfativel.

Problema #221
Sim, e satisfativel.

Problema #222
Nao, nao e consequencia logica.

Problema #223
Sim, e tautologia.

Problema #224
Nao, nao e insatisfativel.

Problema #225
Sim, e consequencia logica.

Problema #226
Sim, e refutavel.

Problema #227
Nao, nao e satisfativel.

Problema #228
Nao, nao e tautologia.

Problema #229
Sim, e refutavel.

Problema #230
Sim, e refutavel.

Problema #231
Nao, nao e consequencia logica.

Problema #232
Nao, nao e consequencia logica.

Problema #233
Sim, e satisfativel.

Problema #234
Nao, nao e tautologia.

Problema #235
Sim, e refutavel.

Problema #236
Nao, nao e consequencia logica.

Problema #237
Sim, e consequencia logica.

Problema #238
Sim, e satisfativel.

Problema #239
Sim, e satisfativel.

Problema #240
Nao, nao e tautologia.

Problema #241
Sim, e refutavel.

Problema #242
Nao, nao e insatisfativel.

Problema #243
Nao, nao e insatisfativel.

Problema #244
Nao, nao e insatisfativel.

Problema #245
Nao, nao e insatisfativel.

Problema #246
Nao, nao e tautologia.

Problema #247
Nao, nao e consequencia logica.

Problema #248
Sim, e refutavel.

Problema #249
Nao, nao e tautologia.

Problema #250
Sim, e consequencia logica.

Problema #251
Nao, nao e insatisfativel.

Problema #252
Nao, nao e tautologia.

Problema #253
Sim, e refutavel.

Problema #254
Nao, nao e consequencia logica.

Problema #255
Sim, e refutavel.

Problema #256
Nao, nao e consequencia logica.

Problema #257
Sim, e satisfativel.

Problema #258
Nao, nao e tautologia.

Problema #259
Nao, nao e tautologia.

Problema #260
Sim, e refutavel.

Problema #261
Sim, e consequencia logica.

Problema #262
Nao, nao e insatisfativel.

Problema #263
Nao, nao e tautologia.

Problema #264
Sim, e satisfativel.

Problema #265
Nao, nao e tautologia.

Problema #266
Sim, e refutavel.

Problema #267
Nao, nao e tautologia.

Problema #268
Sim, e refutavel.

Problema #269
Nao, nao e insatisfativel.

Problema #270
Nao, nao e insatisfativel.

Problema #271
Nao, nao e insatisfativel.

Problema #272
Sim, e satisfativel.

Problema #273
Nao, nao e consequencia logica.

Problema #274
Sim, e consequencia logica.

Problema #275
Nao, nao e insatisfativel.

Problema #276
Sim, e insatisfativel.

Problema #277
Nao, nao e tautologia.

Problema #278
Nao, nao e insatisfativel.

Problema #279
Sim, e refutavel.

Problema #280
Nao, nao e consequencia logica.

Problema #281
Sim, e refutavel.

Problema #282
Nao, nao e insatisfativel.

Problema #283
Nao, nao e tautologia.

Problema #284
Sim, e satisfativel.

Problema #285
Sim, e satisfativel.

Problema #286
Sim, e refutavel.

Problema #287
Sim, e refutavel.

Problema #288
Sim, e satisfativel.

Problema #289
Nao, nao e insatisfativel.

Problema #290
Nao, nao e insatisfativel.

Problema #291
Sim, e consequencia logica.

Problema #292
Nao, nao e consequencia logica.

Problema #293
Sim, e consequencia logica.

Problema #294
Sim, e refutavel.

Problema #295
Sim, e refutavel.

Problema #296
Sim, e tautologia.

Problema #297
Sim, e refutavel.

Problema #298
Nao, nao e tautologia.

Problema #299
Nao, nao e consequencia logica.

Problema #300
Nao, nao e consequencia logica.

Problema #301
Nao, nao e consequencia logica.

Problema #302
Sim, e satisfativel.

Problema #303
Sim, e refutavel.

Problema #304
Nao, nao e insatisfativel.

Problema #305
Nao, nao e consequencia logica.

Problema #306
Sim, e refutavel.

Problema #307
Sim, e refutavel.

Problema #308
Sim, e refutavel.

Problema #309
Sim, e satisfativel.

Problema #310
Sim, e refutavel.

Problema #311
Sim, e satisfativel.

Problema #312
Sim, e refutavel.

Problema #313
Nao, nao e insatisfativel.

Problema #314
Sim, e refutavel.

Problema #315
Nao, nao e insatisfativel.

Problema #316
Sim, e tautologia.

Problema #317
Nao, nao e tautologia.

Problema #318
Sim, e refutavel.

Problema #319
Sim, e satisfativel.

Problema #320
Sim, e satisfativel.

Problema #321
Nao, nao e consequencia logica.

Problema #322
Nao, nao e insatisfativel.

Problema #323
Nao, nao e insatisfativel.

Problema #324
Nao, nao e tautologia.

Problema #325
Nao, nao e consequencia logica.

Problema #326
Nao, nao e insatisfativel.

Problema #327
Sim, e satisfativel.

Problema #328
Nao, nao e tautologia.

Problema #329
Sim, e consequencia logica.

Problema #330
Nao, nao e insatisfativel.

Problema #331
Nao, nao e consequencia logica.

Problema #332
Nao, nao e insatisfativel.

Problema #333
Nao, nao e insatisfativel.

Problema #334
Nao, nao e tautologia.

Problema #335
Sim, e refutavel.

Problema #336
Nao, nao e tautologia.

Problema #337
Sim, e refutavel.

Problema #338
Sim, e refutavel.

Problema #339
Sim, e consequencia logica.

Problema #340
Nao, nao e insatisfativel.

Problema #341
Nao, nao e tautologia.

Problema #342
Nao, nao e insatisfativel.

Problema #343
Sim, e refutavel.

Problema #344
Nao, nao e insatisfativel.

Problema #345
Nao, nao e consequencia logica.

Problema #346
Nao, nao e consequencia logica.

Problema #347
Nao, nao e insatisfativel.

Problema #348
Nao, nao e tautologia.

Problema #349
Sim, e refutavel.

Problema #350
Sim, e satisfativel.

Problema #351
Nao, nao e tautologia.

Problema #352
Nao, nao e consequencia logica.

Problema #353
Sim, e satisfativel.

Problema #354
Nao, nao e consequencia logica.

Problema #355
Sim, e satisfativel.

Problema #356
Nao, nao e insatisfativel.

Problema #357
Nao, nao e refutavel.

Problema #358
Nao, nao e consequencia logica.

Problema #359
Sim, e consequencia logica.

Problema #360
Nao, nao e insatisfativel.

Problema #361
Nao, nao e insatisfativel.

Problema #362
Nao, nao e insatisfativel.

Problema #363
Nao, nao e insatisfativel.

Problema #364
Nao, nao e insatisfativel.

Problema #365
Nao, nao e consequencia logica.

Problema #366
Sim, e consequencia logica.

Problema #367
Sim, e satisfativel.

Problema #368
Nao, nao e insatisfativel.

Problema #369
Nao, nao e insatisfativel.

Problema #370
Sim, e consequencia logica.

Problema #371
Sim, e refutavel.

Problema #372
Sim, e tautologia.

Problema #373
Sim, e consequencia logica.

Problema #374
Nao, nao e consequencia logica.

Problema #375
Sim, e refutavel.

Problema #376
Sim, e satisfativel.

Problema #377
Sim, e satisfativel.

Problema #378
Nao, nao e tautologia.

Problema #379
Nao, nao e tautologia.

Problema #380
Nao, nao e consequencia logica.

Problema #381
Sim, e refutavel.

Problema #382
Sim, e refutavel.

Problema #383
Sim, e satisfativel.

Problema #384
Nao, nao e insatisfativel.

Problema #385
Sim, e refutavel.

Problema #386
Nao, nao e insatisfativel.

Problema #387
Sim, e insatisfativel.

Problema #388
Sim, e refutavel.

Problema #389
Sim, e refutavel.

Problema #390
Sim, e consequencia logica.

Problema #391
Nao, nao e consequencia logica.

Problema #392
Nao, nao e tautologia.

Problema #393
Nao, nao e insatisfativel.

Problema #394
Sim, e consequencia logica.

Problema #395
Sim, e refutavel.

Problema #396
Nao, nao e insatisfativel.

Problema #397
Sim, e satisfativel.

Problema #398
Nao, nao e insatisfativel.

Problema #399
Nao, nao e insatisfativel.

Problema #400
Nao, nao e tautologia.

Problema #401
Sim, e satisfativel.

Problema #402
Nao, nao e insatisfativel.

Problema #403
Nao, nao e consequencia logica.

Problema #404
Nao, nao e insatisfativel.

Problema #405
Nao, nao e consequencia logica.

Problema #406
Sim, e satisfativel.

Problema #407
Sim, e refutavel.

Problema #408
Sim, e refutavel.

Problema #409
Nao, nao e tautologia.

Problema #410
Sim, e satisfativel.

Problema #411
Sim, e refutavel.

Problema #412
Sim, e satisfativel.

Problema #413
Sim, e refutavel.

Problema #414
Nao, nao e tautologia.

Problema #415
Nao, nao e tautologia.

Problema #416
Sim, e refutavel.

Problema #417
Nao, nao e tautologia.

Problema #418
Sim, e refutavel.

Problema #419
Nao, nao e consequencia logica.

Problema #420
Nao, nao e insatisfativel.

Problema #421
Nao, nao e insatisfativel.

Problema #422
Nao, nao e insatisfativel.

Problema #423
Sim, e satisfativel.

Problema #424
Sim, e refutavel.

Problema #425
Sim, e refutavel.

Problema #426
Nao, nao e insatisfativel.

Problema #427
Nao, nao e insatisfativel.

Problema #428
Nao, nao e consequencia logica.

Problema #429
Sim, e refutavel.

Problema #430
Sim, e satisfativel.

Problema #431
Sim, e refutavel.

Problema #432
Nao, nao e insatisfativel.

Problema #433
Nao, nao e tautologia.

Problema #434
Nao, nao e insatisfativel.

Problema #435
Nao, nao e tautologia.

Problema #436
Sim, e refutavel.

Problema #437
Nao, nao e consequencia logica.

Problema #438
Nao, nao e insatisfativel.

Problema #439
Sim, e satisfativel.

Problema #440
Sim, e satisfativel.

Problema #441
Nao, nao e insatisfativel.

Problema #442
Nao, nao e tautologia.

Problema #443
Sim, e satisfativel.

Problema #444
Nao, nao e tautologia.

Problema #445
Nao, nao e refutavel.

Problema #446
Nao, nao e tautologia.

Problema #447
Nao, nao e consequencia logica.

Problema #448
Nao, nao e insatisfativel.

Problema #449
Nao, nao e tautologia.

Problema #450
Nao, nao e consequencia logica.

Problema #451
Sim, e satisfativel.

Problema #452
Nao, nao e consequencia logica.

Problema #453
Nao, nao e tautologia.

Problema #454
Nao, nao e insatisfativel.

Problema #455
Nao, nao e consequencia logica.

Problema #456
Nao, nao e insatisfativel.

Problema #457
Nao, nao e tautologia.

Problema #458
Nao, nao e insatisfativel.

Problema #459
Sim, e refutavel.

Problema #460
Nao, nao e consequencia logica.

Problema #461
Nao, nao e insatisfativel.

Problema #462
Nao, nao e tautologia.

Problema #463
Nao, nao e insatisfativel.

Problema #464
Nao, nao e tautologia.

Problema #465
Nao, nao e tautologia.

Problema #466
Sim, e satisfativel.

Problema #467
Sim, e refutavel.

Problema #468
Sim, e consequencia logica.

Problema #469
Sim, e refutavel.

Problema #470
Sim, e refutavel.

Problema #471
Sim, e satisfativel.

Problema #472
Nao, nao e tautologia.

Problema #473
Nao, nao e tautologia.

Problema #474
Nao, nao e consequencia logica.

Problema #475
Nao, nao e consequencia logica.

Problema #476
Nao, nao e refutavel.

Problema #477
Sim, e refutavel.

Problema #478
Sim, e tautologia.

Problema #479
Sim, e satisfativel.

Problema #480
Nao, nao e consequencia logica.

Problema #481
Nao, nao e consequencia logica.

Problema #482
Sim, e satisfativel.

Problema #483
Nao, nao e consequencia logica.

Problema #484
Sim, e consequencia logica.

Problema #485
Nao, nao e consequencia logica.

Problema #486
Sim, e satisfativel.

Problema #487
Nao, nao e insatisfativel.

Problema #488
Sim, e refutavel.

Problema #489
Sim, e refutavel.

Problema #490
Sim, e tautologia.

Problema #491
Nao, nao e insatisfativel.

Problema #492
Nao, nao e tautologia.

Problema #493
Nao, nao e insatisfativel.

Problema #494
Sim, e consequencia logica.

Problema #495
Nao, nao e insatisfativel.

Problema #496
Nao, nao e insatisfativel.

Problema #497
Nao, nao e insatisfativel.

Problema #498
Nao, nao e insatisfativel.

Problema #499
Nao, nao e consequencia logica.

Problema #500
Nao, nao e tautologia.

Problema #501
Sim, e tautologia.

Problema #502
Sim, e refutavel.

Problema #503
Sim, e tautologia.

Problema #504
Nao, nao e consequencia logica.

Problema #505
Nao, nao e insatisfativel.

Problema #506
Nao, nao e consequencia logica.

Problema #507
Sim, e satisfativel.

Problema #508
Nao, nao e consequencia logica.

Problema #509
Nao, nao e consequencia logica.

Problema #510
Sim, e consequencia logica.

Problema #511
Nao, nao e insatisfativel.

Problema #512
Nao, nao e consequencia logica.

Problema #513
Nao, nao e consequencia logica.

Problema #514
Sim, e tautologia.

Problema #515
Nao, nao e tautologia.

Problema #516
Nao, nao e consequencia logica.

Problema #517
Nao, nao e insatisfativel.

Problema #518
Nao, nao e consequencia logica.

Problema #519
Sim, e satisfativel.

Problema #520
Nao, nao e insatisfativel.

Problema #521
Nao, nao e tautologia.

Problema #522
Sim, e refutavel.

Problema #523
Nao, nao e consequencia logica.

Problema #524
Nao, nao e tautologia.

Problema #525
Nao, nao e tautologia.

Problema #526
Sim, e consequencia logica.

Problema #527
Nao, nao e tautologia.

Problema #528
Sim, e refutavel.

Problema #529
Sim, e consequencia logica.

Problema #530
Sim, e refutavel.

Problema #531
Sim, e consequencia logica.

Problema #532
Nao, nao e consequencia logica.

Problema #533
Sim, e refutavel.

Problema #534
Sim, e satisfativel.

Problema #535
Nao, nao e tautologia.

Problema #536
Sim, e consequencia logica.

Problema #537
Nao, nao e insatisfativel.

Problema #538
Nao, nao e tautologia.

Problema #539
Sim, e refutavel.

Problema #540
Nao, nao e insatisfativel.

Problema #541
Sim, e refutavel.

Problema #542
Nao, nao e insatisfativel.

Problema #543
Nao, nao e insatisfativel.

Problema #544
Sim, e consequencia logica.

Problema #545
Nao, nao e tautologia.

Problema #546
Nao, nao e consequencia logica.

Problema #547
Sim, e refutavel.

Problema #548
Nao, nao e consequencia logica.

Problema #549
Nao, nao e tautologia.

Problema #550
Nao, nao e insatisfativel.

Problema #551
Nao, nao e tautologia.

Problema #552
Nao, nao e tautologia.

Problema #553
Sim, e satisfativel.

Problema #554
Nao, nao e insatisfativel.

Problema #555
Sim, e refutavel.

Problema #556
Nao, nao e insatisfativel.

Problema #557
Nao, nao e tautologia.

Problema #558
Sim, e refutavel.

Problema #559
Nao, nao e consequencia logica.

Problema #560
Sim, e refutavel.

Problema #561
Sim, e satisfativel.

Problema #562
Sim, e satisfativel.

Problema #563
Nao, nao e insatisfativel.

Problema #564
Sim, e consequencia logica.

Problema #565
Nao, nao e consequencia logica.

Problema #566
Nao, nao e tautologia.

Problema #567
Sim, e refutavel.

Problema #568
Sim, e satisfativel.

Problema #569
Sim, e satisfativel.

Problema #570
Sim, e consequencia logica.

Problema #571
Sim, e satisfativel.

Problema #572
Nao, nao e consequencia logica.

Problema #573
Sim, e refutavel.

Problema #574
Sim, e refutavel.

Problema #575
Sim, e refutavel.

Problema #576
Nao, nao e consequencia logica.

Problema #577
Nao, nao e tautologia.

Problema #578
Nao, nao e consequencia logica.

Problema #579
Nao, nao e insatisfativel.

Problema #580
Nao, nao e insatisfativel.

Problema #581
Nao, nao e insatisfativel.

Problema #582
Sim, e consequencia logica.

Problema #583
Sim, e satisfativel.

Problema #584
Sim, e refutavel.

Problema #585
Nao, nao e tautologia.

Problema #586
Nao, nao e insatisfativel.

Problema #587
Nao, nao e insatisfativel.

Problema #588
Sim, e refutavel.

Problema #589
Sim, e refutavel.

Problema #590
Sim, e consequencia logica.

Problema #591
Nao, nao e consequencia logica.

Problema #592
Sim, e consequencia logica.

Problema #593
Sim, e satisfativel.

Problema #594
Sim, e satisfativel.

Problema #595
Nao, nao e insatisfativel.

Problema #596
Nao, nao e consequencia logica.

Problema #597
Nao, nao e tautologia.

Problema #598
Nao, nao e tautologia.

Problema #599
Sim, e satisfativel.

Problema #600
Nao, nao e tautologia.

Problema #601
Nao, nao e insatisfativel.

Problema #602
Sim, e satisfativel.

Problema #603
Nao, nao e insatisfativel.

Problema #604
Nao, nao e tautologia.

Problema #605
Nao, nao e consequencia logica.

Problema #606
Sim, e refutavel.

Problema #607
Nao, nao e tautologia.

Problema #608
Sim, e refutavel.

Problema #609
Nao, nao e tautologia.

Problema #610
Nao, nao e consequencia logica.

Problema #611
Nao, nao e tautologia.

Problema #612
Nao, nao e insatisfativel.

Problema #613
Sim, e satisfativel.

Problema #614
Sim, e refutavel.

Problema #615
Nao, nao e tautologia.

Problema #616
Sim, e satisfativel.

Problema #617
Nao, nao e consequencia logica.

Problema #618
Sim, e satisfativel.

Problema #619
Sim, e satisfativel.

Problema #620
Nao, nao e consequencia logica.

Problema #621
Nao, nao e insatisfativel.

Problema #622
Sim, e satisfativel.

Problema #623
Sim, e satisfativel.

Problema #624
Nao, nao e insatisfativel.

Problema #625
Sim, e refutavel.

Problema #626
Sim, e refutavel.

Problema #627
Nao, nao e tautologia.

Problema #628
Nao, nao e insatisfativel.

Problema #629
Nao, nao e tautologia.

Problema #630
Nao, nao e tautologia.

Problema #631
Nao, nao e consequencia logica.

Problema #632
Nao, nao e tautologia.

Problema #633
Sim, e tautologia.

Problema #634
Sim, e refutavel.

Problema #635
Nao, nao e consequencia logica.

Problema #636
Nao, nao e consequencia logica.

Problema #637
Nao, nao e consequencia logica.

Problema #638
Nao, nao e tautologia.

Problema #639
Sim, e satisfativel.

Problema #640
Nao, nao e consequencia logica.

Problema #641
Sim, e refutavel.

Problema #642
Nao, nao e consequencia logica.

Problema #643
Sim, e refutavel.

Problema #644
Sim, e refutavel.

Problema #645
Nao, nao e insatisfativel.

Problema #646
Nao, nao e insatisfativel.

Problema #647
Nao, nao e tautologia.

Problema #648
Sim, e refutavel.

Problema #649
Sim, e satisfativel.

Problema #650
Sim, e satisfativel.

Problema #651
Sim, e satisfativel.

Problema #652
Sim, e satisfativel.

Problema #653
Nao, nao e tautologia.

Problema #654
Sim, e satisfativel.

Problema #655
Nao, nao e insatisfativel.

Problema #656
Nao, nao e consequencia logica.

Problema #657
Sim, e refutavel.

Problema #658
Nao, nao e insatisfativel.

Problema #659
Nao, nao e consequencia logica.

Problema #660
Sim, e consequencia logica.

Problema #661
Sim, e satisfativel.

Problema #662
Nao, nao e tautologia.

Problema #663
Nao, nao e tautologia.

Problema #664
Nao, nao e consequencia logica.

Problema #665
Nao, nao e consequencia logica.

Problema #666
Nao, nao e insatisfativel.

Problema #667
Sim, e refutavel.

Problema #668
Nao, nao e tautologia.

Problema #669
Nao, nao e insatisfativel.

Problema #670
Nao, nao e insatisfativel.

Problema #671
Sim, e satisfativel.

Problema #672
Nao, nao e insatisfativel.

Problema #673
Nao, nao e insatisfativel.

Problema #674
Nao, nao e consequencia logica.

Problema #675
Sim, e refutavel.

Problema #676
Nao, nao e consequencia logica.

Problema #677
Nao, nao e tautologia.

Problema #678
Nao, nao e tautologia.

Problema #679
Nao, nao e tautologia.

Problema #680
Nao, nao e refutavel.

Problema #681
Nao, nao e tautologia.

Problema #682
Sim, e satisfativel.

Problema #683
Sim, e refutavel.

Problema #684
Nao, nao e insatisfativel.

Problema #685
Nao, nao e tautologia.

Problema #686
Nao, nao e consequencia logica.

Problema #687
Sim, e satisfativel.

Problema #688
Nao, nao e consequencia logica.

Problema #689
Nao, nao e tautologia.

Problema #690
Sim, e satisfativel.

Problema #691
Nao, nao e tautologia.

Problema #692
Sim, e refutavel.

Problema #693
Sim, e satisfativel.

Problema #694
Nao, nao e consequencia logica.

Problema #695
Nao, nao e tautologia.

Problema #696
Nao, nao e insatisfativel.

Problema #697
Sim, e tautologia.

Problema #698
Sim, e refutavel.

Problema #699
Nao, nao e satisfativel.

Problema #700
Sim, e satisfativel.

Problema #701
Nao, nao e consequencia logica.

Problema #702
Sim, e satisfativel.

Problema #703
Nao, nao e tautologia.

Problema #704
Nao, nao e tautologia.

Problema #705
Sim, e consequencia logica.

Problema #706
Sim, e consequencia logica.

Problema #707
Nao, nao e tautologia.

Problema #708
Sim, e refutavel.

Problema #709
Nao, nao e tautologia.

Problema #710
Nao, nao e consequencia logica.

Problema #711
Sim, e refutavel.

Problema #712
Nao, nao e tautologia.

Problema #713
Nao, nao e insatisfativel.

Problema #714
Nao, nao e consequencia logica.

Problema #715
Nao, nao e insatisfativel.

Problema #716
Sim, e satisfativel.

Problema #717
Sim, e satisfativel.

Problema #718
Sim, e satisfativel.

Problema #719
Nao, nao e tautologia.

Problema #720
Nao, nao e insatisfativel.

Problema #721
Nao, nao e consequencia logica.

Problema #722
Sim, e refutavel.

Problema #723
Sim, e satisfativel.

Problema #724
Sim, e satisfativel.

Problema #725
Nao, nao e refutavel.

Problema #726
Sim, e refutavel.

Problema #727
Nao, nao e tautologia.

Problema #728
Nao, nao e insatisfativel.

Problema #729
Nao, nao e insatisfativel.

Problema #730
Nao, nao e insatisfativel.

Problema #731
Nao, nao e tautologia.

Problema #732
Sim, e satisfativel.

Problema #733
Nao, nao e consequencia logica.

Problema #734
Nao, nao e tautologia.

Problema #735
Sim, e refutavel.

Problema #736
Nao, nao e insatisfativel.

Problema #737
Nao, nao e insatisfativel.

Problema #738
Sim, e refutavel.

Problema #739
Sim, e refutavel.

Problema #740
Nao, nao e tautologia.

Problema #741
Nao, nao e insatisfativel.

Problema #742
Nao, nao e consequencia logica.

Problema #743
Nao, nao e tautologia.

Problema #744
Nao, nao e insatisfativel.

Problema #745
Sim, e satisfativel.

Problema #746
Nao, nao e refutavel.

Problema #747
Sim, e refutavel.

Problema #748
Sim, e satisfativel.

Problema #749
Nao, nao e insatisfativel.

Problema #750
Nao, nao e satisfativel.

Problema #751
Nao, nao e insatisfativel.

Problema #752
Nao, nao e tautologia.

Problema #753
Sim, e satisfativel.

Problema #754
Sim, e satisfativel.

Problema #755
Sim, e satisfativel.

Problema #756
Sim, e satisfativel.

Problema #757
Nao, nao e refutavel.

Problema #758
Nao, nao e insatisfativel.

Problema #759
Sim, e consequencia logica.

Problema #760
Nao, nao e tautologia.

Problema #761
Nao, nao e tautologia.

Problema #762
Sim, e refutavel.

Problema #763
Sim, e satisfativel.

Problema #764
Nao, nao e consequencia logica.

Problema #765
Nao, nao e insatisfativel.

Problema #766
Sim, e satisfativel.

Problema #767
Nao, nao e insatisfativel.

Problema #768
Nao, nao e tautologia.

Problema #769
Nao, nao e insatisfativel.

Problema #770
Sim, e satisfativel.

Problema #771
Sim, e refutavel.

Problema #772
Sim, e refutavel.

Problema #773
Sim, e satisfativel.

Problema #774
Sim, e satisfativel.

Problema #775
Nao, nao e consequencia logica.

Problema #776
Sim, e satisfativel.

Problema #777
Nao, nao e insatisfativel.

Problema #778
Nao, nao e tautologia.

Problema #779
Sim, e satisfativel.

Problema #780
Sim, e refutavel.

Problema #781
Nao, nao e consequencia logica.

Problema #782
Nao, nao e tautologia.

Problema #783
Sim, e consequencia logica.

Problema #784
Sim, e refutavel.

Problema #785
Sim, e refutavel.

Problema #786
Nao, nao e insatisfativel.

Problema #787
Nao, nao e insatisfativel.

Problema #788
Sim, e satisfativel.

Problema #789
Sim, e refutavel.

Problema #790
Nao, nao e tautologia.

Problema #791
Nao, nao e insatisfativel.

Problema #792
Sim, e satisfativel.

Problema #793
Nao, nao e insatisfativel.

Problema #794
Sim, e satisfativel.

Problema #795
Nao, nao e insatisfativel.

Problema #796
Sim, e consequencia logica.

Problema #797
Sim, e satisfativel.

Problema #798
Sim, e consequencia logica.

Problema #799
Nao, nao e insatisfativel.

Problema #800
Sim, e tautologia.

Problema #801
Sim, e satisfativel.

Problema #802
Nao, nao e tautologia.

Problema #803
Nao, nao e insatisfativel.

Problema #804
Sim, e consequencia logica.

Problema #805
Sim, e refutavel.

Problema #806
Sim, e satisfativel.

Problema #807
Sim, e refutavel.

Problema #808
Sim, e refutavel.

Problema #809
Nao, nao e tautologia.

Problema #810
Nao, nao e tautologia.

Problema #811
Sim, e satisfativel.

Problema #812
Nao, nao e insatisfativel.

Problema #813
Sim, e consequencia logica.

Problema #814
Sim, e refutavel.

Problema #815
Nao, nao e tautologia.

Problema #816
Nao, nao e insatisfativel.

Problema #817
Sim, e satisfativel.

Problema #818
Nao, nao e tautologia.

Problema #819
Nao, nao e consequencia logica.

Problema #820
Sim, e tautologia.

Problema #821
Nao, nao e insatisfativel.

Problema #822
Nao, nao e insatisfativel.

Problema #823
Sim, e refutavel.

Problema #824
Nao, nao e insatisfativel.

Problema #825
Sim, e refutavel.

Problema #826
Nao, nao e insatisfativel.

Problema #827
Nao, nao e insatisfativel.

Problema #828
Sim, e refutavel.

Problema #829
Nao, nao e insatisfativel.

Problema #830
Nao, nao e insatisfativel.

Problema #831
Sim, e satisfativel.

Problema #832
Nao, nao e tautologia.

Problema #833
Sim, e satisfativel.

Problema #834
Nao, nao e consequencia logica.

Problema #835
Sim, e consequencia logica.

Problema #836
Nao, nao e consequencia logica.

Problema #837
Nao, nao e tautologia.

Problema #838
Nao, nao e tautologia.

Problema #839
Nao, nao e tautologia.

Problema #840
Sim, e refutavel.

Problema #841
Nao, nao e insatisfativel.

Problema #842
Nao, nao e tautologia.

Problema #843
Nao, nao e tautologia.

Problema #844
Nao, nao e consequencia logica.

Problema #845
Nao, nao e consequencia logica.

Problema #846
Sim, e satisfativel.

Problema #847
Nao, nao e consequencia logica.

Problema #848
Nao, nao e tautologia.

Problema #849
Sim, e satisfativel.

Problema #850
Sim, e refutavel.

Problema #851
Sim, e consequencia logica.

Problema #852
Sim, e refutavel.

Problema #853
Sim, e refutavel.

Problema #854
Sim, e satisfativel.

Problema #855
Sim, e refutavel.

Problema #856
Sim, e refutavel.

Problema #857
Sim, e satisfativel.

Problema #858
Sim, e satisfativel.

Problema #859
Nao, nao e consequencia logica.

Problema #860
Nao, nao e insatisfativel.

Problema #861
Nao, nao e consequencia logica.

Problema #862
Nao, nao e insatisfativel.

Problema #863
Sim, e satisfativel.

Problema #864
Nao, nao e tautologia.

Problema #865
Nao, nao e tautologia.

Problema #866
Nao, nao e tautologia.

Problema #867
Sim, e consequencia logica.

Problema #868
Sim, e satisfativel.

Problema #869
Nao, nao e consequencia logica.

Problema #870
Sim, e consequencia logica.

Problema #871
Nao, nao e consequencia logica.

Problema #872
Sim, e refutavel.

Problema #873
Nao, nao e tautologia.

Problema #874
Nao, nao e insatisfativel.

Problema #875
Sim, e satisfativel.

Problema #876
Nao, nao e tautologia.

Problema #877
Sim, e refutavel.

Problema #878
Nao, nao e tautologia.

Problema #879
Sim, e satisfativel.

Problema #880
Nao, nao e insatisfativel.

Problema #881
Nao, nao e insatisfativel.

Problema #882
Sim, e refutavel.

Problema #883
Nao, nao e tautologia.

Problema #884
Sim, e satisfativel.

Problema #885
Sim, e consequencia logica.

Problema #886
Nao, nao e insatisfativel.

Problema #887
Sim, e consequencia logica.

Problema #888
Nao, nao e consequencia logica.

Problema #889
Nao, nao e insatisfativel.

Problema #890
Nao, nao e consequencia logica.

Problema #891
Nao, nao e tautologia.

Problema #892
Nao, nao e tautologia.

Problema #893
Nao, nao e tautologia.

Problema #894
Nao, nao e tautologia.

Problema #895
Nao, nao e insatisfativel.

Problema #896
Nao, nao e tautologia.

Problema #897
Nao, nao e tautologia.

Problema #898
Nao, nao e consequencia logica.

Problema #899
Sim, e satisfativel.

Problema #900
Nao, nao e insatisfativel.

Problema #901
Nao, nao e consequencia logica.

Problema #902
Nao, nao e tautologia.

Problema #903
Nao, nao e insatisfativel.

Problema #904
Nao, nao e insatisfativel.

Problema #905
Sim, e refutavel.

Problema #906
Nao, nao e insatisfativel.

Problema #907
Sim, e refutavel.

Problema #908
Nao, nao e insatisfativel.

Problema #909
Nao, nao e tautologia.

Problema #910
Nao, nao e tautologia.

Problema #911
Sim, e satisfativel.

Problema #912
Nao, nao e insatisfativel.

Problema #913
Nao, nao e insatisfativel.

Problema #914
Sim, e consequencia logica.

Problema #915
Sim, e satisfativel.

Problema #916
Nao, nao e consequencia logica.

Problema #917
Sim, e refutavel.

Problema #918
Sim, e satisfativel.

Problema #919
Sim, e satisfativel.

Problema #920
Nao, nao e insatisfativel.

Problema #921
Nao, nao e refutavel.

Problema #922
Sim, e refutavel.

Problema #923
Sim, e refutavel.

Problema #924
Nao, nao e tautologia.

Problema #925
Nao, nao e insatisfativel.

Problema #926
Nao, nao e refutavel.

Problema #927
Nao, nao e consequencia logica.

Problema #928
Nao, nao e insatisfativel.

Problema #929
Nao, nao e consequencia logica.

Problema #930
Nao, nao e insatisfativel.

Problema #931
Nao, nao e consequencia logica.

Problema #932
Sim, e refutavel.

Problema #933
Nao, nao e consequencia logica.

Problema #934
Sim, e refutavel.

Problema #935
Nao, nao e consequencia logica.

Problema #936
Nao, nao e consequencia logica.

Problema #937
Nao, nao e insatisfativel.

Problema #938
Sim, e refutavel.

Problema #939
Nao, nao e tautologia.

Problema #940
Nao, nao e tautologia.

Problema #941
Sim, e refutavel.

Problema #942
Nao, nao e tautologia.

Problema #943
Sim, e consequencia logica.

Problema #944
Sim, e refutavel.

Problema #945
Sim, e refutavel.

Problema #946
Sim, e consequencia logica.

Problema #947
Sim, e consequencia logica.

Problema #948
Nao, nao e tautologia.

Problema #949
Nao, nao e tautologia.

Problema #950
Nao, nao e insatisfativel.

Problema #951
Nao, nao e tautologia.

Problema #952
Nao, nao e insatisfativel.

Problema #953
Nao, nao e consequencia logica.

Problema #954
Nao, nao e insatisfativel.

Problema #955
Sim, e satisfativel.

Problema #956
Sim, e consequencia logica.

Problema #957
Sim, e refutavel.

Problema #958
Nao, nao e consequencia logica.

Problema #959
Sim, e satisfativel.

Problema #960
Nao, nao e consequencia logica.

Problema #961
Sim, e satisfativel.

Problema #962
Sim, e refutavel.

Problema #963
Nao, nao e consequencia logica.

Problema #964
Nao, nao e consequencia logica.

Problema #965
Nao, nao e tautologia.

Problema #966
Nao, nao e insatisfativel.

Problema #967
Nao, nao e tautologia.

Problema #968
Nao, nao e tautologia.

Problema #969
Nao, nao e consequencia logica.

Problema #970
Sim, e refutavel.

Problema #971
Nao, nao e consequencia logica.

Problema #972
Sim, e satisfativel.

Problema #973
Sim, e consequencia logica.

Problema #974
Nao, nao e consequencia logica.

Problema #975
Sim, e satisfativel.

Problema #976
Nao, nao e tautologia.

Problema #977
Nao, nao e tautologia.

Problema #978
Nao, nao e insatisfativel.

Problema #979
Sim, e refutavel.

Problema #980
Sim, e consequencia logica.

Problema #981
Nao, nao e tautologia.

Problema #982
Sim, e satisfativel.

Problema #983
Sim, e refutavel.

Problema #984
Nao, nao e insatisfativel.

Problema #985
Nao, nao e consequencia logica.

Problema #986
Nao, nao e consequencia logica.

Problema #987
Nao, nao e tautologia.

Problema #988
Sim, e satisfativel.

Problema #989
Sim, e refutavel.

Problema #990
Sim, e refutavel.

Problema #991
Nao, nao e tautologia.

Problema #992
Sim, e satisfativel.

Problema #993
Nao, nao e insatisfativel.

Problema #994
Sim, e refutavel.

Problema #995
Nao, nao e insatisfativel.

Problema #996
Sim, e consequencia logica.

Problema #997
Sim, e satisfativel.

Problema #998
Nao, nao e insatisfativel.

Problema #999
Sim, e satisfativel.

Problema #1000
Sim, e satisfativel.
