Problema #1
Sim, e satisfativel.

Problema #2
Nao, nao e insatisfativel.

Problema #3
Sim, e refutavel.

Problema #4
Nao, nao e tautologia.

Problema #5
Sim, e satisfativel.

Problema #6
Sim, e satisfativel.

Problema #7
Sim, e refutavel.

Problema #8
Nao, nao e insatisfativel.

Problema #9
Nao, nao e tautologia.

Problema #10
Nao, nao e insatisfativel.

Problema #11
Sim, e satisfativel.

Problema #12
Nao, nao e refutavel.

Problema #13
Nao, nao e consequencia logica.

Problema #14
Nao, nao e tautologia.

Problema #15
Sim, e refutavel.

Problema #16
Nao, nao e consequencia logica.

Problema #17
Nao, nao e tautologia.

Problema #18
Nao, nao e tautologia.

Problema #19
Nao, nao e consequencia logica.

Problema #20
Sim, e satisfativel.

Problema #21
Sim, e refutavel.

Problema #22
Nao, nao e insatisfativel.

Problema #23
Nao, nao e refutavel.

Problema #24
Sim, e refutavel.

Problema #25
Sim, e satisfativel.

Problema #26
Nao, nao e consequencia logica.

Problema #27
Sim, e satisfativel.

Problema #28
Nao, nao e insatisfativel.

Problema #29
Nao, nao e tautologia.

Problema #30
Nao, nao e tautologia.

Problema #31
Nao, nao e consequencia logica.

Problema #32
Nao, nao e insatisfativel.

Problema #33
Sim, e refutavel.

Problema #34
Sim, e refutavel.

Problema #35
Sim, e satisfativel.

Problema #36
Sim, e satisfativel.

Problema #37
Nao, nao e tautologia.

Problema #38
Nao, nao e tautologia.

Problema #39
Sim, e satisfativel.

Problema #40
Nao, nao e tautologia.

Problema #41
Sim, e refutavel.

Problema #42
Sim, e refutavel.

Problema #43
Sim, e refutavel.

Problema #44
Nao, nao e tautologia.

Problema #45
Sim, e satisfativel.

Problema #46
Sim, e refutavel.

Problema #47
Sim, e refutavel.

Problema #48
Nao, nao e insatisfativel.

Problema #49
Nao, nao e insatisfativel.

Problema #50
Sim, e consequencia logica.

Problema #51
Sim, e satisfativel.

Problema #52
Nao, nao e tautologia.

Problema #53
Sim, e refutavel.

Problema #54
Nao, nao e insatisfativel.

Problema #55
Nao, nao e insatisfativel.

Problema #56
Nao, nao e insatisfativel.

Problema #57
Sim, e refutavel.

Problema #58
Nao, nao e insatisfativel.

Problema #59
Sim, e refutavel.

Problema #60
Sim, e satisfativel.

Problema #61
Nao, nao e insatisfativel.

Problema #62
Sim, e satisfativel.

Problema #63
Nao, nao e consequencia logica.

Problema #64
Nao, nao e insatisfativel.

Problema #65
Sim, e satisfativel.

Problema #66
Nao, nao e insatisfativel.

Problema #67
Sim, e satisfativel.

Problema #68
Nao, nao e insatisfativel.

Problema #69
Nao, nao e tautologia.

Problema #70
Sim, e refutavel.

Problema #71
Nao, nao e insatisfativel.

Problema #72
Sim, e refutavel.

Problema #73
Nao, nao e consequencia logica.

Problema #74
Sim, e refutavel.

Problema #75
Nao, nao e insatisfativel.

Problema #76
Sim, e satisfativel.

Problema #77
Nao, nao e insatisfativel.

Problema #78
Nao, nao e consequencia logica.

Problema #79
Nao, nao e insatisfativel.

Problema #80
Sim, e satisfativel.

Problema #81
Nao, nao e consequencia logica.

Problema #82
Sim, e satisfativel.

Problema #83
Nao, nao e consequencia logica.

Problema #84
Nao, nao e tautologia.

Problema #85
Sim, e refutavel.

Problema #86
Sim, e tautologia.

Problema #87
Sim, e satisfativel.

Problema #88
Sim, e refutavel.

Problema #89
Nao, nao e insatisfativel.

Problema #90
Sim, e satisfativel.

Problema #91
Sim, e refutavel.

Problema #92
Nao, nao e insatisfativel.

Problema #93
Nao, nao e insatisfativel.

Problema #94
Sim, e satisfativel.

Problema #95
Nao, nao e consequencia logica.

Problema #96
Sim, e refutavel.

Problema #97
Nao, nao e insatisfativel.

Problema #98
Nao, nao e tautologia.

Problema #99
Sim, e satisfativel.

Problema #100
Nao, nao e insatisfativel.

Problema #101
Nao, nao e insatisfativel.

Problema #102
Nao, nao e consequencia logica.

Problema #103
Nao, nao e tautologia.

Problema #104
Sim, e consequencia logica.

Problema #105
Nao, nao e insatisfativel.

Problema #106
Sim, e refutavel.

Problema #107
Sim, e tautologia.

Problema #108
Nao, nao e consequencia logica.

Problema #109
Sim, e satisfativel.

Problema #110
Nao, nao e consequencia logica.

Problema #111
Sim, e satisfativel.

Problema #112
Sim, e refutavel.

Problema #113
Nao, nao e insatisfativel.

Problema #114
Nao, nao e insatisfativel.

Problema #115
Nao, nao e insatisfativel.

Problema #116
Nao, nao e insatisfativel.

Problema #117
Nao, nao e insatisfativel.

Problema #118
Nao, nao e insatisfativel.

Problema #119
Sim, e consequencia logica.

Problema #120
Nao, nao e insatisfativel.

Problema #121
Sim, e refutavel.

Problema #122
Sim, e satisfativel.

Problema #123
Nao, nao e insatisfativel.

Problema #124
Sim, e satisfativel.

Problema #125
Sim, e satisfativel.

Problema #126
Nao, nao e insatisfativel.

Problema #127
Sim, e refutavel.

Problema #128
Sim, e refutavel.

Problema #129
Nao, nao e insatisfativel.

Problema #130
Nao, nao e consequencia logica.

Problema #131
Sim, e refutavel.

Problema #132
Nao, nao e insatisfativel.

Problema #133
Sim, e refutavel.

Problema #134
Sim, e satisfativel.

Problema #135
Nao, nao e insatisfativel.

Problema #136
Nao, nao e tautologia.

Problema #137
Sim, e satisfativel.

Problema #138
Nao, nao e tautologia.

Problema #139
Sim, e refutavel.

Problema #140
Nao, nao e tautologia.

Problema #141
Sim, e satisfativel.

Problema #142
Sim, e refutavel.

Problema #143
Sim, e tautologia.

Problema #144
Nao, nao e consequencia logica.

Problema #145
Sim, e satisfativel.

Problema #146
Sim, e tautologia.

Problema #147
Nao, nao e insatisfativel.

Problema #148
Sim, e refutavel.

Problema #149
Sim, e refutavel.

Problema #150
Nao, nao e consequencia logica.

Problema #151
Sim, e refutavel.

Problema #152
Sim, e refutavel.

Problema #153
Sim, e refutavel.

Problema #154
Sim, e satisfativel.

Problema #155
Sim, e refutavel.

Problema #156
Nao, nao e consequencia logica.

Problema #157
Nao, nao e consequencia logica.

Problema #158
Nao, nao e insatisfativel.

Problema #159
Sim, e refutavel.

Problema #160
Nao, nao e insatisfativel.

Problema #161
Nao, nao e tautologia.

Problema #162
Sim, e satisfativel.

Problema #163
Sim, e refutavel.

Problema #164
Nao, nao e consequencia logica.

Problema #165
Sim, e satisfativel.

Problema #166
Nao, nao e consequencia logica.

Problema #167
Nao, nao e insatisfativel.

Problema #168
Sim, e satisfativel.

Problema #169
Sim, e refutavel.

Problema #170
Nao, nao e tautologia.

Problema #171
Sim, e refutavel.

Problema #172
Sim, e refutavel.

Problema #173
Nao, nao e insatisfativel.

Problema #174
Sim, e refutavel.

Problema #175
Sim, e satisfativel.

Problema #176
Nao, nao e tautologia.

Problema #177
Sim, e insatisfativel.

Problema #178
Nao, nao e satisfativel.

Problema #179
Nao, nao e tautologia.

Problema #180
Sim, e consequencia logica.

Problema #181
Nao, nao e consequencia logica.

Problema #182
Sim, e refutavel.

Problema #183
Nao, nao e tautologia.

Problema #184
Sim, e consequencia logica.

Problema #185
Sim, e consequencia logica.

Problema #186
Sim, e refutavel.

Problema #187
Sim, e satisfativel.

Problema #188
Nao, nao e tautologia.

Problema #189
Sim, e refutavel.

Problema #190
Sim, e refutavel.

Problema #191
Nao, nao e insatisfativel.

Problema #192
Nao, nao e insatisfativel.

Problema #193
Sim, e consequencia logica.

Problema #194
Sim, e consequencia logica.

Problema #195
Nao, nao e tautologia.

Problema #196
Sim, e refutavel.

Problema #197
Nao, nao e tautologia.

Problema #198
Nao, nao e tautologia.

Problema #199
Sim, e consequencia logica.

Problema #200
Sim, e refutavel.

Problema #201
Sim, e satisfativel.

Problema #202
Nao, nao e insatisfativel.

Problema #203
Nao, nao e consequencia logica.

Problema #204
Nao, nao e tautologia.

Problema #205
Sim, e consequencia logica.

Problema #206
Nao, nao e consequencia logica.

Problema #207
Nao, nao e consequencia logica.

Problema #208
Sim, e tautologia.

Problema #209
Nao, nao e tautologia.

Problema #210
Nao, nao e insatisfativel.

Problema #211
Sim, e satisfativel.

Problema #212
Nao, nao e tautologia.

Problema #213
Nao, nao e insatisfativel.

Problema #214
Sim, e satisfativel.

Problema #215
Sim, e refutavel.

Problema #216
Nao, nao e insatisfativel.

Problema #217
Nao, nao e insatisfativel.

Problema #218
Sim, e satisfativel.

Problema #219
Sim, e consequencia logica.

Problema #220
Sim, e refutavel.

Problema #221
Sim, e refutavel.

Problema #222
Nao, nao e consequencia logica.

Problema #223
Nao, nao e consequencia logica.

Problema #224
Sim, e refutavel.

Problema #225
Nao, nao e tautologia.

Problema #226
Sim, e consequencia logica.

Problema #227
Nao, nao e tautologia.

Problema #228
Nao, nao e insatisfativel.

Problema #229
Nao, nao e insatisfativel.

Problema #230
Sim, e satisfativel.

Problema #231
Nao, nao e insatisfativel.

Problema #232
Nao, nao e tautologia.

Problema #233
Nao, nao e insatisfativel.

Problema #234
Sim, e consequencia logica.

Problema #235
Nao, nao e insatisfativel.

Problema #236
Sim, e satisfativel.

Problema #237
Nao, nao e insatisfativel.

Problema #238
Sim, e satisfativel.

Problema #239
Sim, e satisfativel.

Problema #240
Sim, e consequencia logica.

Problema #241
Sim, e refutavel.

Problema #242
Nao, nao e insatisfativel.

Problema #243
Sim, e satisfativel.

Problema #244
Sim, e satisfativel.

Problema #245
Nao, nao e tautologia.

Problema #246
Nao, nao e consequencia logica.

Problema #247
Nao, nao e tautologia.

Problema #248
Nao, nao e tautologia.

Problema #249
Nao, nao e consequencia logica.

Problema #250
Nao, nao e refutavel.

Problema #251
Nao, nao e insatisfativel.

Problema #252
Sim, e refutavel.

Problema #253
Sim, e refutavel.

Problema #254
Nao, nao e insatisfativel.

Problema #255
Nao, nao e consequencia logica.

Problema #256
Nao, nao e tautologia.

Problema #257
Sim, e tautologia.

Problema #258
Nao, nao e tautologia.

Problema #259
Nao, nao e tautologia.

Problema #260
Nao, nao e tautologia.

Problema #261
Nao, nao e insatisfativel.

Problema #262
Nao, nao e tautologia.

Problema #263
Sim, e refutavel.

Problema #264
Nao, nao e tautologia.

Problema #265
Sim, e satisfativel.

Problema #266
Sim, e satisfativel.

Problema #267
Nao, nao e insatisfativel.

Problema #268
Sim, e consequencia logica.

Problema #269
Sim, e consequencia logica.

Problema #270
Sim, e satisfativel.

Problema #271
Sim, e refutavel.

Problema #272
Nao, nao e consequencia logica.

Problema #273
Nao, nao e consequencia logica.

Problema #274
Sim, e refutavel.

Problema #275
Nao, nao e insatisfativel.

Problema #276
Sim, e satisfativel.

Problema #277
Nao, nao e consequencia logica.

Problema #278
Nao, nao e consequencia logica.

Problema #279
Nao, nao e insatisfativel.

Problema #280
Nao, nao e tautologia.

Problema #281
Nao, nao e insatisfativel.

Problema #282
Nao, nao e tautologia.

Problema #283
Nao, nao e refutavel.

Problema #284
Sim, e refutavel.

Problema #285
Nao, nao e tautologia.

Problema #286
Sim, e satisfativel.

Problema #287
Sim, e refutavel.

Problema #288
Sim, e satisfativel.

Problema #289
Nao, nao e refutavel.

Problema #290
Nao, nao e tautologia.

Problema #291
Nao, nao e insatisfativel.

Problema #292
Sim, e insatisfativel.

Problema #293
Nao, nao e tautologia.

Problema #294
Sim, e satisfativel.

Problema #295
Nao, nao e consequencia logica.

Problema #296
Sim, e satisfativel.

Problema #297
Sim, e satisfativel.

Problema #298
Nao, nao e tautologia.

Problema #299
Sim, e refutavel.

Problema #300
Sim, e refutavel.

Problema #301
Nao, nao e consequencia logica.

Problema #302
Nao, nao e insatisfativel.

Problema #303
Nao, nao e insatisfativel.

Problema #304
Sim, e consequencia logica.

Problema #305
Sim, e satisfativel.

Problema #306
Nao, nao e consequencia logica.

Problema #307
Nao, nao e insatisfativel.

Problema #308
Nao, nao e tautologia.

Problema #309
Nao, nao e consequencia logica.

Problema #310
Nao, nao e consequencia logica.

Problema #311
Sim, e satisfativel.

Problema #312
Sim, e satisfativel.

Problema #313
Sim, e satisfativel.

Problema #314
Sim, e refutavel.

Problema #315
Nao, nao e insatisfativel.

Problema #316
Sim, e refutavel.

Problema #317
Nao, nao e tautologia.

Problema #318
Nao, nao e insatisfativel.

Problema #319
Sim, e consequencia logica.

Problema #320
Sim, e refutavel.

Problema #321
Nao, nao e consequencia logica.

Problema #322
Sim, e insatisfativel.

Problema #323
Nao, nao e consequencia logica.

Problema #324
Nao, nao e tautologia.

Problema #325
Nao, nao e insatisfativel.

Problema #326
Sim, e consequencia logica.

Problema #327
Sim, e satisfativel.

Problema #328
Nao, nao e insatisfativel.

Problema #329
Nao, nao e consequencia logica.

Problema #330
Nao, nao e consequencia logica.

Problema #331
Nao, nao e insatisfativel.

Problema #332
Sim, e refutavel.

Problema #333
Nao, nao e tautologia.

Problema #334
Sim, e refutavel.

Problema #335
Sim, e satisfativel.

Problema #336
Sim, e refutavel.

Problema #337
Sim, e satisfativel.

Problema #338
Nao, nao e consequencia logica.

Problema #339
Sim, e satisfativel.

Problema #340
Sim, e satisfativel.

Problema #341
Sim, e consequencia logica.

Problema #342
Nao, nao e consequencia logica.

Problema #343
Sim, e refutavel.

Problema #344
Sim, e consequencia logica.

Problema #345
Nao, nao e insatisfativel.

Problema #346
Sim, e satisfativel.

Problema #347
Nao, nao e insatisfativel.

Problema #348
Sim, e consequencia logica.

Problema #349
Sim, e refutavel.

Problema #350
Nao, nao e insatisfativel.

Problema #351
Sim, e refutavel.

Problema #352
Nao, nao e tautologia.

Problema #353
Sim, e refutavel.

Problema #354
Nao, nao e insatisfativel.

Problema #355
Sim, e consequencia logica.

Problema #356
Nao, nao e tautologia.

Problema #357
Nao, nao e consequencia logica.

Problema #358
Nao, nao e insatisfativel.

Problema #359
Sim, e satisfativel.

Problema #360
Nao, nao e tautologia.

Problema #361
Sim, e satisfativel.

Problema #362
Sim, e satisfativel.

Problema #363
Nao, nao e tautologia.

Problema #364
Sim, e refutavel.

Problema #365
Nao, nao e tautologia.

Problema #366
Sim, e satisfativel.

Problema #367
Sim, e satisfativel.

Problema #368
Nao, nao e insatisfativel.

Problema #369
Sim, e refutavel.

Problema #370
Nao, nao e tautologia.

Problema #371
Sim, e refutavel.

Problema #372
Sim, e refutavel.

Problema #373
Nao, nao e tautologia.

Problema #374
Nao, nao e insatisfativel.

Problema #375
Sim, e satisfativel.

Problema #376
Nao, nao e tautologia.

Problema #377
Sim, e satisfativel.

Problema #378
Sim, e refutavel.

Problema #379
Nao, nao e insatisfativel.

Problema #380
Sim, e satisfativel.

Problema #381
Nao, nao e consequencia logica.

Problema #382
Nao, nao e consequencia logica.

Problema #383
Sim, e satisfativel.

Problema #384
Sim, e satisfativel.

Problema #385
Nao, nao e insatisfativel.

Problema #386
Nao, nao e insatisfativel.

Problema #387
Nao, nao e insatisfativel.

Problema #388
Nao, nao e consequencia logica.

Problema #389
Sim, e consequencia logica.

Problema #390
Nao, nao e tautologia.

Problema #391
Nao, nao e consequencia logica.

Problema #392
Sim, e refutavel.

Problema #393
Nao, nao e insatisfativel.

Problema #394
Sim, e tautologia.

Problema #395
Nao, nao e consequencia logica.

Problema #396
Sim, e satisfativel.

Problema #397
Sim, e refutavel.

Problema #398
Sim, e consequencia logica.

Problema #399
Sim, e refutavel.

Problema #400
Nao, nao e consequencia logica.

Problema #401
Sim, e satisfativel.

Problema #402
Nao, nao e tautologia.

Problema #403
Nao, nao e insatisfativel.

Problema #404
Nao, nao e tautologia.

Problema #405
Sim, e consequencia logica.

Problema #406
Nao, nao e tautologia.

Problema #407
Nao, nao e tautologia.

Problema #408
Nao, nao e insatisfativel.

Problema #409
Sim, e satisfativel.

Problema #410
Nao, nao e refutavel.

Problema #411
Sim, e consequencia logica.

Problema #412
Sim, e refutavel.

Problema #413
Sim, e refutavel.

Problema #414
Nao, nao e tautologia.

Problema #415
Sim, e consequencia logica.

Problema #416
Nao, nao e consequencia logica.

Problema #417
Nao, nao e consequencia logica.

Problema #418
Nao, nao e consequencia logica.

Problema #419
Sim, e satisfativel.

Problema #420
Nao, nao e consequencia logica.

Problema #421
Nao, nao e consequencia logica.

Problema #422
Sim, e satisfativel.

Problema #423
Nao, nao e insatisfativel.

Problema #424
Sim, e satisfativel.

Problema #425
Nao, nao e insatisfativel.

Problema #426
Nao, nao e insatisfativel.

Problema #427
Sim, e refutavel.

Problema #428
Sim, e satisfativel.

Problema #429
Nao, nao e consequencia logica.

Problema #430
Sim, e refutavel.

Problema #431
Nao, nao e tautologia.

Problema #432
Nao, nao e tautologia.

Problema #433
Nao, nao e insatisfativel.

Problema #434
Sim, e refutavel.

Problema #435
Sim, e refutavel.

Problema #436
Sim, e refutavel.

Problema #437
Nao, nao e insatisfativel.

Problema #438
Nao, nao e tautologia.

Problema #439
Nao, nao e insatisfativel.

Problema #440
Nao, nao e tautologia.

Problema #441
Nao, nao e tautologia.

Problema #442
Nao, nao e insatisfativel.

Problema #443
Nao, nao e insatisfativel.

Problema #444
Sim, e refutavel.

Problema #445
Sim, e tautologia.

Problema #446
Nao, nao e insatisfativel.

Problema #447
Nao, nao e consequencia logica.

Problema #448
Nao, nao e insatisfativel.

Problema #449
Sim, e consequencia logica.

Problema #450
Sim, e satisfativel.

Problema #451
Nao, nao e insatisfativel.

Problema #452
Sim, e refutavel.

Problema #453
Sim, e refutavel.

Problema #454
Sim, e satisfativel.

Problema #455
Sim, e satisfativel.

Problema #456
Nao, nao e consequencia logica.

Problema #457
Sim, e satisfativel.

Problema #458
Sim, e satisfativel.

Problema #459
Nao, nao e insatisfativel.

Problema #460
Sim, e refutavel.

Problema #461
Sim, e satisfativel.

Problema #462
Sim, e consequencia logica.

Problema #463
Sim, e satisfativel.

Problema #464
Nao, nao e tautologia.

Problema #465
Nao, nao e insatisfativel.

Problema #466
Nao, nao e insatisfativel.

Problema #467
Sim, e satisfativel.

Problema #468
Nao, nao e insatisfativel.

Problema #469
Nao, nao e insatisfativel.

Problema #470
Nao, nao e consequencia logica.

Problema #471
Nao, nao e tautologia.

Problema #472
Nao, nao e tautologia.

Problema #473
Nao, nao e insatisfativel.

Problema #474
Nao, nao e consequencia logica.

Problema #475
Nao, nao e consequencia logica.

Problema #476
Sim, e satisfativel.

Problema #477
Sim, e satisfativel.

Problema #478
Nao, nao e tautologia.

Problema #479
Sim, e refutavel.

Problema #480
Nao, nao e tautologia.

Problema #481
Nao, nao e insatisfativel.

Problema #482
Sim, e satisfativel.

Problema #483
Nao, nao e tautologia.

Problema #484
Sim, e satisfativel.

Problema #485
Sim, e refutavel.

Problema #486
Sim, e refutavel.

Problema #487
Nao, nao e insatisfativel.

Problema #488
Sim, e consequencia logica.

Problema #489
Sim, e refutavel.

Problema #490
Nao, nao e tautologia.

Problema #491
Sim, e satisfativel.

Problema #492
Nao, nao e consequencia logica.

Problema #493
Nao, nao e tautologia.

Problema #494
Nao, nao e insatisfativel.

Problema #495
Sim, e satisfativel.

Problema #496
Sim, e refutavel.

Problema #497
Nao, nao e insatisfativel.

Problema #498
Sim, e satisfativel.

Problema #499
Nao, nao e consequencia logica.

Problema #500
Nao, nao e tautologia.

Problema #501
Nao, nao e consequencia logica.

Problema #502
Nao, nao e insatisfativel.

Problema #503
Nao, nao e satisfativel.

Problema #504
Nao, nao e tautologia.

Problema #505
Nao, nao e insatisfativel.

Problema #506
Sim, e refutavel.

Problema #507
Sim, e tautologia.

Problema #508
Nao, nao e tautologia.

Problema #509
Sim, e refutavel.

Problema #510
Sim, e satisfativel.

Problema #511
Nao, nao e tautologia.

Problema #512
Sim, e consequencia logica.

Problema #513
Sim, e refutavel.

Problema #514
Nao, nao e insatisfativel.

Problema #515
Sim, e refutavel.

Problema #516
Nao, nao e consequencia logica.

Problema #517
Nao, nao e tautologia.

Problema #518
Nao, nao e tautologia.

Problema #519
Nao, nao e tautologia.

Problema #520
Sim, e consequencia logica.

Problema #521
Sim, e satisfativel.

Problema #522
Sim, e satisfativel.

Problema #523
Nao, nao e tautologia.

Problema #524
Nao, nao e consequencia logica.

Problema #525
Nao, nao e tautologia.

Problema #526
Nao, nao e tautologia.

Problema #527
Sim, e satisfativel.

Problema #528
Nao, nao e insatisfativel.

Problema #529
Nao, nao e tautologia.

Problema #530
Nao, nao e refutavel.

Problema #531
Sim, e satisfativel.

Problema #532
Sim, e satisfativel.

Problema #533
Nao, nao e insatisfativel.

Problema #534
Sim, e refutavel.

Problema #535
Nao, nao e insatisfativel.

Problema #536
Nao, nao e insatisfativel.

Problema #537
Nao, nao e insatisfativel.

Problema #538
Nao, nao e insatisfativel.

Problema #539
Nao, nao e tautologia.

Problema #540
Sim, e consequencia logica.

Problema #541
Sim, e consequencia logica.

Problema #542
Nao, nao e tautologia.

Problema #543
Sim, e refutavel.

Problema #544
Nao, nao e consequencia logica.

Problema #545
Nao, nao e insatisfativel.

Problema #546
Sim, e refutavel.

Problema #547
Sim, e refutavel.

Problema #548
Nao, nao e consequencia logica.

Problema #549
Nao, nao e consequencia logica.

Problema #550
Nao, nao e consequencia logica.

Problema #551
Nao, nao e tautologia.

Problema #552
Sim, e consequencia logica.

Problema #553
Sim, e satisfativel.

Problema #554
Nao, nao e tautologia.

Problema #555
Sim, e refutavel.

Problema #556
Sim, e refutavel.

Problema #557
Sim, e refutavel.

Problema #558
Nao, nao e consequencia logica.

Problema #559
Nao, nao e consequencia logica.

Problema #560
Nao, nao e tautologia.

Problema #561
Sim, e satisfativel.

Problema #562
Nao, nao e consequencia logica.

Problema #563
Sim, e refutavel.

Problema #564
Nao, nao e tautologia.

Problema #565
Nao, nao e tautologia.

Problema #566
Sim, e consequencia logica.

Problema #567
Nao, nao e insatisfativel.

Problema #568
Sim, e satisfativel.

Problema #569
Sim, e refutavel.

Problema #570
Nao, nao e insatisfativel.

Problema #571
Sim, e satisfativel.

Problema #572
Nao, nao e insatisfativel.

Problema #573
Nao, nao e insatisfativel.

Problema #574
Sim, e refutavel.

Problema #575
Sim, e refutavel.

Problema #576
Sim, e satisfativel.

Problema #577
Sim, e satisfativel.

Problema #578
Sim, e consequencia logica.

Problema #579
Sim, e insatisfativel.

Problema #580
Nao, nao e tautologia.

Problema #581
Sim, e satisfativel.

Problema #582
Sim, e satisfativel.

Problema #583
Sim, e satisfativel.

Problema #584
Nao, nao e insatisfativel.

Problema #585
Nao, nao e tautologia.

Problema #586
Nao, nao e consequencia logica.

Problema #587
Nao, nao e tautologia.

Problema #588
Nao, nao e insatisfativel.

Problema #589
Nao, nao e insatisfativel.

Problema #590
Nao, nao e consequencia logica.

Problema #591
Nao, nao e tautologia.

Problema #592
Sim, e refutavel.

Problema #593
Sim, e tautologia.

Problema #594
Sim, e consequencia logica.

Problema #595
Nao, nao e tautologia.

Problema #596
Sim, e refutavel.

Problema #597
Nao, nao e insatisfativel.

Problema #598
Sim, e satisfativel.

Problema #599
Sim, e refutavel.

Problema #600
Nao, nao e consequencia logica.

Problema #601
Nao, nao e insatisfativel.

Problema #602
Sim, e refutavel.

Problema #603
Sim, e satisfativel.

Problema #604
Nao, nao e tautologia.

Problema #605
Nao, nao e tautologia.

Problema #606
Sim, e consequencia logica.

Problema #607
Nao, nao e consequencia logica.

Problema #608
Nao, nao e refutavel.

Problema #609
Nao, nao e consequencia logica.

Problema #610
Nao, nao e insatisfativel.

Problema #611
Nao, nao e tautologia.

Problema #612
Sim, e consequencia logica.

Problema #613
Nao, nao e tautologia.

Problema #614
Nao, nao e insatisfativel.

Problema #615
Sim, e satisfativel.

Problema #616
Nao, nao e consequencia logica.

Problema #617
Nao, nao e consequencia logica.

Problema #618
Sim, e refutavel.

Problema #619
Sim, e refutavel.

Problema #620
Sim, e refutavel.

Problema #621
Nao, nao e insatisfativel.

Problema #622
Sim, e refutavel.

Problema #623
Sim, e refutavel.

Problema #624
Nao, nao e insatisfativel.

Problema #625
Nao, nao e consequencia logica.

Problema #626
Nao, nao e consequencia logica.

Problema #627
Sim, e refutavel.

Problema #628
Nao, nao e insatisfativel.

Problema #629
Sim, e consequencia logica.

Problema #630
Nao, nao e insatisfativel.

Problema #631
Nao, nao e insatisfativel.

Problema #632
Nao, nao e refutavel.

Problema #633
Sim, e refutavel.

Problema #634
Nao, nao e refutavel.

Problema #635
Nao, nao e consequencia logica.

Problema #636
Sim, e satisfativel.

Problema #637
Nao, nao e insatisfativel.

Problema #638
Nao, nao e tautologia.

Problema #639
Sim, e satisfativel.

Problema #640
Sim, e satisfativel.

Problema #641
Nao, nao e consequencia logica.

Problema #642
Nao, nao e consequencia logica.

Problema #643
Sim, e satisfativel.

Problema #644
Nao, nao e tautologia.

Problema #645
Nao, nao e consequencia logica.

Problema #646
Nao, nao e consequencia logica.

Problema #647
Sim, e satisfativel.

Problema #648
Nao, nao e tautologia.

Problema #649
Nao, nao e consequencia logica.

Problema #650
Sim, e satisfativel.

Problema #651
Sim, e consequencia logica.

Problema #652
Nao, nao e consequencia logica.

Problema #653
Sim, e refutavel.

Problema #654
Sim, e consequencia logica.

Problema #655
Nao, nao e tautologia.

Problema #656
Sim, e consequencia logica.

Problema #657
Sim, e satisfativel.

Problema #658
Nao, nao e tautologia.

Problema #659
Sim, e refutavel.

Problema #660
Nao, nao e insatisfativel.

Problema #661
Sim, e refutavel.

Problema #662
Nao, nao e consequencia logica.

Problema #663
Sim, e refutavel.

Problema #664
Nao, nao e consequencia logica.

Problema #665
Nao, nao e tautologia.

Problema #666
Sim, e consequencia logica.

Problema #667
Nao, nao e tautologia.

Problema #668
Sim, e satisfativel.

Problema #669
Nao, nao e insatisfativel.

Problema #670
Sim, e satisfativel.

Problema #671
Sim, e refutavel.

Problema #672
Nao, nao e consequencia logica.

Problema #673
Nao, nao e insatisfativel.

Problema #674
Nao, nao e tautologia.

Problema #675
Sim, e satisfativel.

Problema #676
Nao, nao e tautologia.

Problema #677
Sim, e satisfativel.

Problema #678
Nao, nao e insatisfativel.

Problema #679
Nao, nao e consequencia logica.

Problema #680
Nao, nao e refutavel.

Problema #681
Nao, nao e consequencia logica.

Problema #682
Nao, nao e tautologia.

Problema #683
Sim, e refutavel.

Problema #684
Nao, nao e consequencia logica.

Problema #685
Nao, nao e tautologia.

Problema #686
Sim, e consequencia logica.

Problema #687
Sim, e refutavel.

Problema #688
Nao, nao e insatisfativel.

Problema #689
Nao, nao e consequencia logica.

Problema #690
Nao, nao e tautologia.

Problema #691
Nao, nao e consequencia logica.

Problema #692
Nao, nao e consequencia logica.

Problema #693
Sim, e refutavel.

Problema #694
Sim, e refutavel.

Problema #695
Nao, nao e consequencia logica.

Problema #696
Nao, nao e tautologia.

Problema #697
Nao, nao e consequencia logica.

Problema #698
Sim, e refutavel.

Problema #699
Nao, nao e insatisfativel.

Problema #700
Nao, nao e consequencia logica.

Problema #701
Sim, e satisfativel.

Problema #702
Sim, e refutavel.

Problema #703
Nao, nao e insatisfativel.

Problema #704
Sim, e satisfativel.

Problema #705
Sim, e refutavel.

Problema #706
Sim, e satisfativel.

Problema #707
Nao, nao e insatisfativel.

Problema #708
Sim, e refutavel.

Problema #709
Nao, nao e consequencia logica.

Problema #710
Nao, nao e insatisfativel.

Problema #711
Sim, e satisfativel.

Problema #712
Nao, nao e consequencia logica.

Problema #713
Nao, nao e consequencia logica.

Problema #714
Nao, nao e insatisfativel.

Problema #715
Sim, e consequencia logica.

Problema #716
Sim, e refutavel.

Problema #717
Nao, nao e insatisfativel.

Problema #718
Sim, e refutavel.

Problema #719
Nao, nao e tautologia.

Problema #720
Nao, nao e insatisfativel.

Problema #721
Nao, nao e consequencia logica.

Problema #722
Nao, nao e tautologia.

Problema #723
Sim, e refutavel.

Problema #724
Sim, e refutavel.

Problema #725
Nao, nao e consequencia logica.

Problema #726
Sim, e consequencia logica.

Problema #727
Nao, nao e tautologia.

Problema #728
Sim, e tautologia.

Problema #729
Sim, e satisfativel.

Problema #730
Nao, nao e tautologia.

Problema #731
Nao, nao e insatisfativel.

Problema #732
Nao, nao e insatisfativel.

Problema #733
Nao, nao e tautologia.

Problema #734
Nao, nao e consequencia logica.

Problema #735
Sim, e refutavel.

Problema #736
Nao, nao e tautologia.

Problema #737
Sim, e refutavel.

Problema #738
Nao, nao e insatisfativel.

Problema #739
Sim, e satisfativel.

Problema #740
Sim, e satisfativel.

Problema #741
Nao, nao e consequencia logica.

Problema #742
Nao, nao e consequencia logica.

Problema #743
Nao, nao e insatisfativel.

Problema #744
Sim, e satisfativel.

Problema #745
Nao, nao e consequencia logica.

Problema #746
Sim, e satisfativel.

Problema #747
Sim, e satisfativel.

Problema #748
Sim, e refutavel.

Problema #749
Nao, nao e insatisfativel.

Problema #750
Sim, e refutavel.

Problema #751
Nao, nao e insatisfativel.

Problema #752
Sim, e satisfativel.

Problema #753
Nao, nao e consequencia logica.

Problema #754
Nao, nao e tautologia.

Problema #755
Nao, nao e insatisfativel.

Problema #756
Sim, e refutavel.

Problema #757
Sim, e consequencia logica.

Problema #758
Nao, nao e consequencia logica.

Problema #759
Nao, nao e consequencia logica.

Problema #760
Nao, nao e tautologia.

Problema #761
Nao, nao e insatisfativel.

Problema #762
Sim, e consequencia logica.

Problema #763
Nao, nao e insatisfativel.

Problema #764
Nao, nao e insatisfativel.

Problema #765
Sim, e tautologia.

Problema #766
Sim, e refutavel.

Problema #767
Nao, nao e insatisfativel.

Problema #768
Sim, e refutavel.

Problema #769
Nao, nao e insatisfativel.

Problema #770
Sim, e satisfativel.

Problema #771
Nao, nao e insatisfativel.

Problema #772
Nao, nao e tautologia.

Problema #773
Sim, e consequencia logica.

Problema #774
Nao, nao e tautologia.

Problema #775
Sim, e satisfativel.

Problema #776
Nao, nao e refutavel.

Problema #777
Sim, e satisfativel.

Problema #778
Nao, nao e tautologia.

Problema #779
Nao, nao e insatisfativel.

Problema #780
Nao, nao e consequencia logica.

Problema #781
Sim, e refutavel.

Problema #782
Nao, nao e consequencia logica.

Problema #783
Nao, nao e tautologia.

Problema #784
Nao, nao e refutavel.

Problema #785
Nao, nao e tautologia.

Problema #786
Sim, e refutavel.

Problema #787
Nao, nao e consequencia logica.

Problema #788
Nao, nao e refutavel.

Problema #789
Nao, nao e consequencia logica.

Problema #790
Sim, e refutavel.

Problema #791
Nao, nao e insatisfativel.

Problema #792
Nao, nao e consequencia logica.

Problema #793
Nao, nao e insatisfativel.

Problema #794
Nao, nao e tautologia.

Problema #795
Sim, e refutavel.

Problema #796
Sim, e satisfativel.

Problema #797
Nao, nao e tautologia.

Problema #798
Nao, nao e insatisfativel.

Problema #799
Nao, nao e tautologia.

Problema #800
Nao, nao e consequencia logica.

Problema #801
Sim, e tautologia.

Problema #802
Sim, e consequencia logica.

Problema #803
Sim, e satisfativel.

Problema #804
Nao, nao e consequencia logica.

Problema #805
Sim, e insatisfativel.

Problema #806
Sim, e satisfativel.

Problema #807
Nao, nao e insatisfativel.

Problema #808
Sim, e satisfativel.

Problema #809
Nao, nao e insatisfativel.

Problema #810
Nao, nao e insatisfativel.

Problema #811
Sim, e refutavel.

Problema #812
Sim, e refutavel.

Problema #813
Nao, nao e tautologia.

Problema #814
Sim, e refutavel.

Problema #815
Nao, nao e insatisfativel.

Problema #816
Nao, nao e insatisfativel.

Problema #817
Nao, nao e insatisfativel.

Problema #818
Nao, nao e tautologia.

Problema #819
Nao, nao e consequencia logica.

Problema #820
Sim, e satisfativel.

Problema #821
Nao, nao e tautologia.

Problema #822
Sim, e refutavel.

Problema #823
Nao, nao e tautologia.

Problema #824
Nao, nao e consequencia logica.

Problema #825
Nao, nao e tautologia.

Problema #826
Nao, nao e tautologia.

Problema #827
Nao, nao e tautologia.

Problema #828
Sim, e refutavel.

Problema #829
Nao, nao e insatisfativel.

Problema #830
Sim, e refutavel.

Problema #831
Nao, nao e consequencia logica.

Problema #832
Sim, e refutavel.

Problema #833
Nao, nao e refutavel.

Problema #834
Nao, nao e insatisfativel.

Problema #835
Nao, nao e tautologia.

Problema #836
Nao, nao e insatisfativel.

Problema #837
Sim, e satisfativel.

Problema #838
Nao, nao e tautologia.

Problema #839
Sim, e satisfativel.

Problema #840
Nao, nao e tautologia.

Problema #841
Nao, nao e consequencia logica.

Problema #842
Sim, e satisfativel.

Problema #843
Nao, nao e insatisfativel.

Problema #844
Sim, e refutavel.

Problema #845
Sim, e tautologia.

Problema #846
Sim, e refutavel.

Problema #847
Sim, e refutavel.

Problema #848
Sim, e satisfativel.

Problema #849
Sim, e tautologia.

Problema #850
Sim, e satisfativel.

Problema #851
Nao, nao e insatisfativel.

Problema #852
Sim, e satisfativel.

Problema #853
Sim, e satisfativel.

Problema #854
Nao, nao e consequencia logica.

Problema #855
Sim, e satisfativel.

Problema #856
Nao, nao e consequencia logica.

Problema #857
Nao, nao e consequencia logica.

Problema #858
Sim, e refutavel.

Problema #859
Nao, nao e insatisfativel.

Problema #860
Sim, e consequencia logica.

Problema #861
Sim, e consequencia logica.

Problema #862
Nao, nao e consequencia logica.

Problema #863
Nao, nao e consequencia logica.

Problema #864
Sim, e insatisfativel.

Problema #865
Nao, nao e consequencia logica.

Problema #866
Sim, e consequencia logica.

Problema #867
Sim, e consequencia logica.

Problema #868
Sim, e refutavel.

Problema #869
Sim, e consequencia logica.

Problema #870
Sim, e satisfativel.

Problema #871
Nao, nao e consequencia logica.

Problema #872
Nao, nao e insatisfativel.

Problema #873
Nao, nao e insatisfativel.

Problema #874
Nao, nao e tautologia.

Problema #875
Sim, e refutavel.

Problema #876
Sim, e refutavel.

Problema #877
Sim, e refutavel.

Problema #878
Nao, nao e tautologia.

Problema #879
Sim, e satisfativel.

Problema #880
Nao, nao e consequencia logica.

Problema #881
Sim, e satisfativel.

Problema #882
Nao, nao e consequencia logica.

Problema #883
Sim, e refutavel.

Problema #884
Sim, e consequencia logica.

Problema #885
Nao, nao e insatisfativel.

Problema #886
Sim, e consequencia logica.

Problema #887
Sim, e refutavel.

Problema #888
Sim, e satisfativel.

Problema #889
Sim, e refutavel.

Problema #890
Nao, nao e tautologia.

Problema #891
Sim, e consequencia logica.

Problema #892
Nao, nao e insatisfativel.

Problema #893
Nao, nao e tautologia.

Problema #894
Nao, nao e consequencia logica.

Problema #895
Sim, e satisfativel.

Problema #896
Nao, nao e insatisfativel.

Problema #897
Nao, nao e tautologia.

Problema #898
Nao, nao e refutavel.

Problema #899
Sim, e satisfativel.

Problema #900
Nao, nao e tautologia.

Problema #901
Sim, e satisfativel.

Problema #902
Nao, nao e insatisfativel.

Problema #903
Nao, nao e tautologia.

Problema #904
Sim, e satisfativel.

Problema #905
Nao, nao e tautologia.

Problema #906
Sim, e satisfativel.

Problema #907
Nao, nao e consequencia logica.

Problema #908
Sim, e refutavel.

Problema #909
Sim, e satisfativel.

Problema #910
Nao, nao e satisfativel.

Problema #911
Nao, nao e tautologia.

Problema #912
Sim, e refutavel.

Problema #913
Nao, nao e tautologia.

Problema #914
Sim, e refutavel.

Problema #915
Sim, e satisfativel.

Problema #916
Sim, e satisfativel.

Problema #917
Nao, nao e insatisfativel.

Problema #918
Nao, nao e insatisfativel.

Problema #919
Nao, nao e insatisfativel.

Problema #920
Sim, e refutavel.

Problema #921
Nao, nao e tautologia.

Problema #922
Sim, e refutavel.

Problema #923
Sim, e satisfativel.

Problema #924
Sim, e satisfativel.

Problema #925
Nao, nao e consequencia logica.

Problema #926
Nao, nao e tautologia.

Problema #927
Sim, e satisfativel.

Problema #928
Sim, e satisfativel.

Problema #929
Nao, nao e insatisfativel.

Problema #930
Sim, e satisfativel.

Problema #931
Sim, e satisfativel.

Problema #932
Sim, e satisfativel.

Problema #933
Sim, e satisfativel.

Problema #934
Sim, e satisfativel.

Problema #935
Nao, nao e insatisfativel.

Problema #936
Sim, e satisfativel.

Problema #937
Sim, e satisfativel.

Problema #938
Nao, nao e tautologia.

Problema #939
Sim, e refutavel.

Problema #940
Nao, nao e tautologia.

Problema #941
Nao, nao e consequencia logica.

Problema #942
Nao, nao e consequencia logica.

Problema #943
Nao, nao e insatisfativel.

Problema #944
Sim, e satisfativel.

Problema #945
Nao, nao e tautologia.

Problema #946
Nao, nao e consequencia logica.

Problema #947
Sim, e refutavel.

Problema #948
Nao, nao e consequencia logica.

Problema #949
Sim, e satisfativel.

Problema #950
Nao, nao e consequencia logica.

Problema #951
Nao, nao e consequencia logica.

Problema #952
Nao, nao e insatisfativel.

Problema #953
Nao, nao e insatisfativel.

Problema #954
Nao, nao e consequencia logica.

Problema #955
Nao, nao e insatisfativel.

Problema #956
Nao, nao e tautologia.

Problema #957
Sim, e satisfativel.

Problema #958
Nao, nao e insatisfativel.

Problema #959
Sim, e consequencia logica.

Problema #960
Nao, nao e tautologia.

Problema #961
Nao, nao e consequencia logica.

Problema #962
Sim, e refutavel.

Problema #963
Sim, e satisfativel.

Problema #964
Nao, nao e insatisfativel.

Problema #965
Sim, e satisfativel.

Problema #966
Nao, nao e tautologia.

Problema #967
Nao, nao e consequencia logica.

Problema #968
Nao, nao e consequencia logica.

Problema #969
Nao, nao e consequencia logica.

Problema #970
Sim, e consequencia logica.

Problema #971
Nao, nao e insatisfativel.

Problema #972
Sim, e refutavel.

Problema #973
Sim, e satisfativel.

Problema #974
Sim, e refutavel.

Problema #975
Nao, nao e insatisfativel.

Problema #976
Nao, nao e tautologia.

Problema #977
Sim, e refutavel.

Problema #978
Nao, nao e consequencia logica.

Problema #979
Nao, nao e tautologia.

Problema #980
Sim, e satisfativel.

Problema #981
Nao, nao e consequencia logica.

Problema #982
Sim, e satisfativel.

Problema #983
Nao, nao e insatisfativel.

Problema #984
Sim, e refutavel.

Problema #985
Nao, nao e tautologia.

Problema #986
Nao, nao e tautologia.

Problema #987
Nao, nao e consequencia logica.

Problema #988
Sim, e satisfativel.

Problema #989
Nao, nao e tautologia.

Problema #990
Sim, e satisfativel.

Problema #991
Nao, nao e insatisfativel.

Problema #992
Nao, nao e insatisfativel.

Problema #993
Sim, e refutavel.

Problema #994
Sim, e refutavel.

Problema #995
Sim, e satisfativel.

Problema #996
Sim, e satisfativel.

Problema #997
Sim, e consequencia logica.

Problema #998
Sim, e satisfativel.

Problema #999
Sim, e refutavel.

Problema #1000
Nao, nao e tautologia.
